./pssch_ue -g 55 -o log.log -a "clock=external,time=external" # NOTE
# signal generators were off, not sure if Max decided to turn them off 
# or they went to sleep automatically somehow which would be surprising
...
SCI1: riv=10, mcs=4, priority=0, res_rsrv=13, t_gap=6, rtx=0, txformat=1
SCI1: riv=11, mcs=9, priority=6, res_rsrv=8, t_gap=7, rtx=0, txformat=0
SCI1: riv=6, mcs=14, priority=5, res_rsrv=10, t_gap=2, rtx=0, txformat=1
SCI1: riv=10, mcs=7, priority=4, res_rsrv=6, t_gap=12, rtx=1, txformat=1
SCI1: riv=14, mcs=17, priority=2, res_rsrv=4, t_gap=12, rtx=1, txformat=1
SCI1: riv=10, mcs=17, priority=6, res_rsrv=9, t_gap=5, rtx=0, txformat=0
SCI1: riv=8, mcs=11, priority=4, res_rsrv=2, t_gap=7, rtx=0, txformat=1
SCI1: riv=10, mcs=8, priority=1, res_rsrv=4, t_gap=5, rtx=1, txformat=1
SCI1: riv=4, mcs=25, priority=3, res_rsrv=13, t_gap=10, rtx=1, txformat=1
SCI1: riv=9, mcs=22, priority=1, res_rsrv=15, t_gap=6, rtx=1, txformat=1
SCI1: riv=13, mcs=23, priority=1, res_rsrv=9, t_gap=8, rtx=1, txformat=1
SCI1: riv=15, mcs=16, priority=3, res_rsrv=12, t_gap=3, rtx=1, txformat=0
SCI1: riv=8, mcs=12, priority=1, res_rsrv=4, t_gap=4, rtx=1, txformat=0
SCI1: riv=9, mcs=0, priority=2, res_rsrv=8, t_gap=10, rtx=1, txformat=1
SCI1: riv=9, mcs=26, priority=0, res_rsrv=5, t_gap=9, rtx=1, txformat=0
SCI1: riv=0, mcs=12, priority=6, res_rsrv=5, t_gap=12, rtx=1, txformat=1
SCI1: riv=1, mcs=8, priority=6, res_rsrv=8, t_gap=8, rtx=1, txformat=1
SCI1: riv=14, mcs=4, priority=4, res_rsrv=2, t_gap=5, rtx=1, txformat=0
SCI1: riv=14, mcs=16, priority=6, res_rsrv=6, t_gap=4, rtx=1, txformat=1
SCI1: riv=4, mcs=7, priority=2, res_rsrv=2, t_gap=3, rtx=0, txformat=1
SCI1: riv=10, mcs=2, priority=2, res_rsrv=13, t_gap=14, rtx=0, txformat=0
SCI1: riv=4, mcs=16, priority=2, res_rsrv=3, t_gap=4, rtx=0, txformat=1
SCI1: riv=11, mcs=26, priority=7, res_rsrv=12, t_gap=4, rtx=0, txformat=1
SCI1: riv=11, mcs=26, priority=7, res_rsrv=12, t_gap=4, rtx=0, txformat=1
SCI1: riv=14, mcs=28, priority=5, res_rsrv=9, t_gap=12, rtx=1, txformat=1
SCI1: riv=8, mcs=16, priority=5, res_rsrv=13, t_gap=13, rtx=0, txformat=1
SCI1: riv=13, mcs=6, priority=7, res_rsrv=8, t_gap=14, rtx=1, txformat=1
SCI1: riv=14, mcs=8, priority=4, res_rsrv=13, t_gap=12, rtx=1, txformat=1
SCI1: riv=12, mcs=23, priority=2, res_rsrv=1, t_gap=0, rtx=0, txformat=1
SCI1: riv=11, mcs=21, priority=0, res_rsrv=15, t_gap=3, rtx=1, txformat=0
SCI1: riv=10, mcs=1, priority=3, res_rsrv=15, t_gap=7, rtx=0, txformat=0
SCI1: riv=10, mcs=9, priority=5, res_rsrv=13, t_gap=7, rtx=0, txformat=0
SCI1: riv=11, mcs=21, priority=7, res_rsrv=5, t_gap=9, rtx=1, txformat=0
SCI1: riv=5, mcs=12, priority=4, res_rsrv=2, t_gap=4, rtx=1, txformat=0
SCI1: riv=14, mcs=6, priority=0, res_rsrv=14, t_gap=15, rtx=1, txformat=0
SCI1: riv=8, mcs=5, priority=4, res_rsrv=11, t_gap=4, rtx=1, txformat=0
SCI1: riv=4, mcs=13, priority=2, res_rsrv=14, t_gap=2, rtx=1, txformat=0
SCI1: riv=7, mcs=3, priority=2, res_rsrv=5, t_gap=8, rtx=0, txformat=0
SCI1: riv=7, mcs=28, priority=7, res_rsrv=12, t_gap=14, rtx=1, txformat=0
SCI1: riv=1, mcs=13, priority=6, res_rsrv=4, t_gap=15, rtx=0, txformat=0
SCI1: riv=14, mcs=14, priority=0, res_rsrv=11, t_gap=7, rtx=0, txformat=1
SCI1: riv=11, mcs=12, priority=2, res_rsrv=3, t_gap=9, rtx=1, txformat=0
SCI1: riv=10, mcs=12, priority=5, res_rsrv=3, t_gap=15, rtx=1, txformat=1
SCI1: riv=3, mcs=20, priority=4, res_rsrv=0, t_gap=1, rtx=1, txformat=0
SCI1: riv=15, mcs=18, priority=1, res_rsrv=10, t_gap=11, rtx=1, txformat=1
SCI1: riv=7, mcs=22, priority=1, res_rsrv=2, t_gap=13, rtx=0, txformat=0
SCI1: riv=8, mcs=26, priority=6, res_rsrv=8, t_gap=10, rtx=1, txformat=0
SCI1: riv=8, mcs=14, priority=4, res_rsrv=9, t_gap=13, rtx=1, txformat=0
SCI1: riv=12, mcs=6, priority=5, res_rsrv=13, t_gap=4, rtx=0, txformat=1
SCI1: riv=9, mcs=24, priority=1, res_rsrv=8, t_gap=6, rtx=1, txformat=0
SCI1: riv=9, mcs=0, priority=0, res_rsrv=11, t_gap=8, rtx=1, txformat=1
SCI1: riv=0, mcs=2, priority=4, res_rsrv=4, t_gap=13, rtx=0, txformat=0
SCI1: riv=0, mcs=3, priority=7, res_rsrv=3, t_gap=7, rtx=1, txformat=1
SCI1: riv=7, mcs=15, priority=3, res_rsrv=14, t_gap=3, rtx=0, txformat=1
SCI1: riv=10, mcs=12, priority=3, res_rsrv=3, t_gap=15, rtx=0, txformat=1
SCI1: riv=0, mcs=18, priority=7, res_rsrv=5, t_gap=2, rtx=1, txformat=1
SCI1: riv=6, mcs=23, priority=5, res_rsrv=7, t_gap=8, rtx=1, txformat=1
SCI1: riv=11, mcs=0, priority=7, res_rsrv=12, t_gap=11, rtx=1, txformat=1
SCI1: riv=5, mcs=28, priority=1, res_rsrv=2, t_gap=4, rtx=1, txformat=1
SCI1: riv=8, mcs=7, priority=7, res_rsrv=12, t_gap=2, rtx=1, txformat=0
SCI1: riv=4, mcs=23, priority=0, res_rsrv=12, t_gap=6, rtx=1, txformat=1
SCI1: riv=9, mcs=12, priority=6, res_rsrv=13, t_gap=3, rtx=0, txformat=1
SCI1: riv=2, mcs=5, priority=1, res_rsrv=12, t_gap=2, rtx=1, txformat=0
SCI1: riv=1, mcs=6, priority=6, res_rsrv=12, t_gap=12, rtx=0, txformat=1
SCI1: riv=0, mcs=13, priority=6, res_rsrv=14, t_gap=8, rtx=0, txformat=1
SCI1: riv=9, mcs=18, priority=2, res_rsrv=6, t_gap=3, rtx=0, txformat=1
SCI1: riv=5, mcs=25, priority=2, res_rsrv=2, t_gap=6, rtx=1, txformat=1
SCI1: riv=3, mcs=11, priority=6, res_rsrv=11, t_gap=15, rtx=0, txformat=0
SCI1: riv=10, mcs=5, priority=0, res_rsrv=12, t_gap=1, rtx=1, txformat=0
SCI1: riv=8, mcs=22, priority=2, res_rsrv=15, t_gap=7, rtx=0, txformat=0
SCI1: riv=7, mcs=0, priority=0, res_rsrv=5, t_gap=13, rtx=0, txformat=1
SCI1: riv=4, mcs=10, priority=0, res_rsrv=3, t_gap=11, rtx=0, txformat=0
SCI1: riv=7, mcs=0, priority=0, res_rsrv=5, t_gap=13, rtx=0, txformat=1
SCI1: riv=7, mcs=0, priority=0, res_rsrv=5, t_gap=13, rtx=0, txformat=1
SCI1: riv=7, mcs=0, priority=0, res_rsrv=5, t_gap=13, rtx=0, txformat=1
SCI1: riv=7, mcs=0, priority=0, res_rsrv=5, t_gap=13, rtx=0, txformat=1
SCI1: riv=12, mcs=24, priority=1, res_rsrv=4, t_gap=3, rtx=1, txformat=0
SCI1: riv=8, mcs=12, priority=5, res_rsrv=5, t_gap=4, rtx=1, txformat=1
SCI1: riv=2, mcs=20, priority=3, res_rsrv=8, t_gap=4, rtx=1, txformat=0
SCI1: riv=12, mcs=13, priority=2, res_rsrv=6, t_gap=10, rtx=1, txformat=1
SCI1: riv=1, mcs=25, priority=0, res_rsrv=7, t_gap=14, rtx=0, txformat=1
SCI1: riv=15, mcs=7, priority=7, res_rsrv=14, t_gap=0, rtx=1, txformat=0
SCI1: riv=2, mcs=23, priority=3, res_rsrv=7, t_gap=11, rtx=1, txformat=1
SCI1: riv=1, mcs=25, priority=7, res_rsrv=7, t_gap=14, rtx=1, txformat=0
SCI1: riv=0, mcs=16, priority=0, res_rsrv=15, t_gap=11, rtx=0, txformat=1
SCI1: riv=8, mcs=8, priority=5, res_rsrv=9, t_gap=7, rtx=0, txformat=0
SCI1: riv=3, mcs=4, priority=5, res_rsrv=0, t_gap=8, rtx=1, txformat=0
SCI1: riv=4, mcs=2, priority=5, res_rsrv=2, t_gap=6, rtx=0, txformat=1
SCI1: riv=8, mcs=28, priority=7, res_rsrv=5, t_gap=5, rtx=1, txformat=1
SCI1: riv=9, mcs=11, priority=7, res_rsrv=0, t_gap=2, rtx=1, txformat=1
SCI1: riv=0, mcs=18, priority=0, res_rsrv=14, t_gap=14, rtx=1, txformat=0
SCI1: riv=14, mcs=19, priority=5, res_rsrv=13, t_gap=5, rtx=1, txformat=0
SCI1: riv=14, mcs=16, priority=2, res_rsrv=13, t_gap=13, rtx=0, txformat=1
SCI1: riv=0, mcs=10, priority=7, res_rsrv=12, t_gap=6, rtx=0, txformat=0
SCI1: riv=1, mcs=24, priority=0, res_rsrv=11, t_gap=3, rtx=1, txformat=1
SCI1: riv=10, mcs=7, priority=2, res_rsrv=14, t_gap=8, rtx=0, txformat=1
SCI1: riv=12, mcs=24, priority=1, res_rsrv=5, t_gap=8, rtx=1, txformat=1
SCI1: riv=4, mcs=7, priority=2, res_rsrv=3, t_gap=0, rtx=1, txformat=0
SCI1: riv=4, mcs=7, priority=2, res_rsrv=3, t_gap=0, rtx=1, txformat=0
SCI1: riv=10, mcs=5, priority=6, res_rsrv=0, t_gap=13, rtx=0, txformat=0
SCI1: riv=2, mcs=0, priority=6, res_rsrv=6, t_gap=6, rtx=0, txformat=0
SCI1: riv=3, mcs=24, priority=6, res_rsrv=5, t_gap=4, rtx=1, txformat=1
SCI1: riv=13, mcs=10, priority=6, res_rsrv=8, t_gap=4, rtx=1, txformat=0
SCI1: riv=5, mcs=3, priority=6, res_rsrv=1, t_gap=14, rtx=1, txformat=1
SCI1: riv=1, mcs=10, priority=6, res_rsrv=4, t_gap=12, rtx=1, txformat=1
SCI1: riv=0, mcs=2, priority=0, res_rsrv=15, t_gap=12, rtx=0, txformat=0
SCI1: riv=4, mcs=24, priority=2, res_rsrv=1, t_gap=14, rtx=1, txformat=0
SCI1: riv=9, mcs=5, priority=3, res_rsrv=7, t_gap=0, rtx=1, txformat=1
SCI1: riv=4, mcs=12, priority=7, res_rsrv=12, t_gap=4, rtx=0, txformat=1
SCI1: riv=2, mcs=3, priority=1, res_rsrv=7, t_gap=9, rtx=0, txformat=1
SCI1: riv=4, mcs=12, priority=7, res_rsrv=12, t_gap=4, rtx=0, txformat=1
SCI1: riv=5, mcs=9, priority=7, res_rsrv=13, t_gap=2, rtx=1, txformat=0
SCI1: riv=9, mcs=14, priority=2, res_rsrv=11, t_gap=13, rtx=0, txformat=1
SCI1: riv=8, mcs=9, priority=3, res_rsrv=10, t_gap=7, rtx=0, txformat=0
SCI1: riv=1, mcs=17, priority=0, res_rsrv=10, t_gap=4, rtx=1, txformat=1
SCI1: riv=4, mcs=12, priority=0, res_rsrv=1, t_gap=15, rtx=1, txformat=1
SCI1: riv=5, mcs=19, priority=5, res_rsrv=14, t_gap=10, rtx=1, txformat=0
SCI1: riv=4, mcs=6, priority=4, res_rsrv=3, t_gap=12, rtx=0, txformat=1
SCI1: riv=9, mcs=12, priority=5, res_rsrv=1, t_gap=6, rtx=1, txformat=1
SCI1: riv=9, mcs=1, priority=1, res_rsrv=0, t_gap=0, rtx=1, txformat=0
SCI1: riv=12, mcs=19, priority=2, res_rsrv=2, t_gap=8, rtx=0, txformat=1
SCI1: riv=11, mcs=3, priority=1, res_rsrv=11, t_gap=15, rtx=0, txformat=0
SCI1: riv=0, mcs=2, priority=5, res_rsrv=13, t_gap=12, rtx=0, txformat=0
SCI1: riv=12, mcs=10, priority=4, res_rsrv=4, t_gap=10, rtx=0, txformat=0
SCI1: riv=4, mcs=0, priority=0, res_rsrv=10, t_gap=4, rtx=1, txformat=1
SCI1: riv=15, mcs=5, priority=7, res_rsrv=3, t_gap=2, rtx=0, txformat=1
SCI1: riv=11, mcs=20, priority=4, res_rsrv=12, t_gap=2, rtx=1, txformat=1
SCI1: riv=0, mcs=24, priority=6, res_rsrv=9, t_gap=8, rtx=0, txformat=0
SCI1: riv=3, mcs=6, priority=4, res_rsrv=8, t_gap=15, rtx=0, txformat=1
SCI1: riv=3, mcs=4, priority=0, res_rsrv=7, t_gap=10, rtx=1, txformat=1
SCI1: riv=9, mcs=1, priority=3, res_rsrv=2, t_gap=15, rtx=0, txformat=1
SCI1: riv=2, mcs=3, priority=2, res_rsrv=9, t_gap=3, rtx=1, txformat=0
SCI1: riv=14, mcs=10, priority=6, res_rsrv=9, t_gap=1, rtx=1, txformat=0
SCI1: riv=12, mcs=21, priority=6, res_rsrv=15, t_gap=0, rtx=1, txformat=0
SCI1: riv=3, mcs=12, priority=6, res_rsrv=15, t_gap=4, rtx=0, txformat=1
SCI1: riv=15, mcs=2, priority=4, res_rsrv=0, t_gap=10, rtx=0, txformat=0
SCI1: riv=1, mcs=13, priority=6, res_rsrv=7, t_gap=12, rtx=0, txformat=0
SCI1: riv=4, mcs=18, priority=4, res_rsrv=15, t_gap=6, rtx=0, txformat=0
SCI1: riv=7, mcs=18, priority=4, res_rsrv=1, t_gap=9, rtx=1, txformat=0
SCI1: riv=13, mcs=12, priority=7, res_rsrv=0, t_gap=5, rtx=1, txformat=0
SCI1: riv=14, mcs=11, priority=5, res_rsrv=13, t_gap=4, rtx=1, txformat=1
SCI1: riv=5, mcs=17, priority=6, res_rsrv=12, t_gap=12, rtx=0, txformat=1
SCI1: riv=4, mcs=23, priority=5, res_rsrv=15, t_gap=15, rtx=0, txformat=1
SCI1: riv=11, mcs=0, priority=4, res_rsrv=10, t_gap=10, rtx=0, txformat=0
SCI1: riv=11, mcs=28, priority=7, res_rsrv=0, t_gap=3, rtx=0, txformat=0
SCI1: riv=11, mcs=26, priority=2, res_rsrv=1, t_gap=4, rtx=0, txformat=0
SCI1: riv=2, mcs=20, priority=1, res_rsrv=10, t_gap=14, rtx=0, txformat=1
SCI1: riv=11, mcs=9, priority=5, res_rsrv=5, t_gap=13, rtx=1, txformat=0
SCI1: riv=6, mcs=1, priority=0, res_rsrv=15, t_gap=13, rtx=1, txformat=1
SCI1: riv=1, mcs=11, priority=0, res_rsrv=9, t_gap=11, rtx=1, txformat=1
SCI1: riv=7, mcs=11, priority=3, res_rsrv=7, t_gap=9, rtx=0, txformat=1
SCI1: riv=13, mcs=17, priority=1, res_rsrv=9, t_gap=7, rtx=0, txformat=1
SCI1: riv=5, mcs=21, priority=2, res_rsrv=3, t_gap=2, rtx=0, txformat=1
SCI1: riv=4, mcs=1, priority=7, res_rsrv=7, t_gap=6, rtx=1, txformat=0
SCI1: riv=5, mcs=6, priority=7, res_rsrv=0, t_gap=12, rtx=0, txformat=1
SCI1: riv=13, mcs=27, priority=1, res_rsrv=9, t_gap=2, rtx=1, txformat=1
SCI1: riv=7, mcs=21, priority=2, res_rsrv=13, t_gap=6, rtx=1, txformat=1
SCI1: riv=5, mcs=26, priority=4, res_rsrv=8, t_gap=3, rtx=0, txformat=0
SCI1: riv=14, mcs=27, priority=2, res_rsrv=7, t_gap=12, rtx=1, txformat=1
SCI1: riv=2, mcs=25, priority=4, res_rsrv=2, t_gap=6, rtx=1, txformat=0
SCI1: riv=10, mcs=24, priority=1, res_rsrv=13, t_gap=5, rtx=1, txformat=1
SCI1: riv=15, mcs=27, priority=0, res_rsrv=1, t_gap=5, rtx=1, txformat=0
SCI1: riv=1, mcs=12, priority=6, res_rsrv=10, t_gap=12, rtx=1, txformat=0
SCI1: riv=10, mcs=22, priority=7, res_rsrv=2, t_gap=9, rtx=0, txformat=1
SCI1: riv=14, mcs=21, priority=6, res_rsrv=1, t_gap=14, rtx=0, txformat=1
SCI1: riv=1, mcs=17, priority=2, res_rsrv=10, t_gap=9, rtx=0, txformat=1
SCI1: riv=15, mcs=8, priority=3, res_rsrv=13, t_gap=12, rtx=0, txformat=0
SCI1: riv=11, mcs=22, priority=0, res_rsrv=2, t_gap=10, rtx=1, txformat=0
SCI1: riv=4, mcs=1, priority=1, res_rsrv=12, t_gap=8, rtx=1, txformat=0
SCI1: riv=1, mcs=16, priority=0, res_rsrv=0, t_gap=4, rtx=1, txformat=1
SCI1: riv=10, mcs=10, priority=3, res_rsrv=4, t_gap=12, rtx=0, txformat=1
SCI1: riv=11, mcs=8, priority=5, res_rsrv=9, t_gap=9, rtx=0, txformat=1
SCI1: riv=8, mcs=10, priority=0, res_rsrv=7, t_gap=14, rtx=1, txformat=0
SCI1: riv=0, mcs=13, priority=3, res_rsrv=7, t_gap=11, rtx=1, txformat=0
SCI1: riv=13, mcs=6, priority=2, res_rsrv=15, t_gap=1, rtx=0, txformat=0
SCI1: riv=2, mcs=15, priority=1, res_rsrv=13, t_gap=0, rtx=1, txformat=0
SCI1: riv=10, mcs=6, priority=5, res_rsrv=1, t_gap=7, rtx=0, txformat=0
SCI1: riv=7, mcs=19, priority=1, res_rsrv=4, t_gap=14, rtx=0, txformat=1
SCI1: riv=7, mcs=19, priority=1, res_rsrv=4, t_gap=14, rtx=0, txformat=1
SCI1: riv=0, mcs=10, priority=3, res_rsrv=2, t_gap=4, rtx=1, txformat=1
SCI1: riv=14, mcs=1, priority=3, res_rsrv=15, t_gap=8, rtx=1, txformat=0
SCI1: riv=6, mcs=15, priority=7, res_rsrv=4, t_gap=10, rtx=1, txformat=0
SCI1: riv=7, mcs=21, priority=1, res_rsrv=13, t_gap=13, rtx=1, txformat=1
SCI1: riv=5, mcs=17, priority=2, res_rsrv=8, t_gap=10, rtx=1, txformat=0
SCI1: riv=9, mcs=26, priority=2, res_rsrv=10, t_gap=9, rtx=0, txformat=1
SCI1: riv=8, mcs=0, priority=5, res_rsrv=3, t_gap=8, rtx=0, txformat=0
SCI1: riv=1, mcs=25, priority=0, res_rsrv=4, t_gap=10, rtx=1, txformat=0
SCI1: riv=3, mcs=2, priority=0, res_rsrv=5, t_gap=9, rtx=1, txformat=0
SCI1: riv=2, mcs=25, priority=4, res_rsrv=14, t_gap=12, rtx=1, txformat=1
SCI1: riv=7, mcs=11, priority=6, res_rsrv=0, t_gap=7, rtx=1, txformat=0
SCI1: riv=13, mcs=0, priority=3, res_rsrv=13, t_gap=8, rtx=0, txformat=1
SCI1: riv=0, mcs=12, priority=5, res_rsrv=2, t_gap=13, rtx=1, txformat=1
SCI1: riv=1, mcs=2, priority=2, res_rsrv=12, t_gap=2, rtx=0, txformat=0
SCI1: riv=7, mcs=11, priority=4, res_rsrv=2, t_gap=0, rtx=1, txformat=0
SCI1: riv=0, mcs=15, priority=7, res_rsrv=5, t_gap=12, rtx=0, txformat=1
SCI1: riv=13, mcs=12, priority=3, res_rsrv=11, t_gap=0, rtx=0, txformat=0
SCI1: riv=6, mcs=14, priority=1, res_rsrv=15, t_gap=5, rtx=1, txformat=0
SCI1: riv=2, mcs=17, priority=0, res_rsrv=1, t_gap=14, rtx=1, txformat=0
SCI1: riv=8, mcs=23, priority=5, res_rsrv=1, t_gap=12, rtx=1, txformat=1
SCI1: riv=8, mcs=27, priority=7, res_rsrv=4, t_gap=3, rtx=1, txformat=0
SCI1: riv=7, mcs=9, priority=3, res_rsrv=15, t_gap=11, rtx=0, txformat=1
SCI1: riv=11, mcs=22, priority=1, res_rsrv=4, t_gap=13, rtx=1, txformat=0
SCI1: riv=0, mcs=17, priority=1, res_rsrv=7, t_gap=8, rtx=0, txformat=1
SCI1: riv=2, mcs=4, priority=2, res_rsrv=3, t_gap=3, rtx=1, txformat=0
SCI1: riv=2, mcs=9, priority=6, res_rsrv=3, t_gap=3, rtx=1, txformat=0
SCI1: riv=7, mcs=28, priority=5, res_rsrv=3, t_gap=13, rtx=0, txformat=0
SCI1: riv=7, mcs=18, priority=2, res_rsrv=10, t_gap=4, rtx=1, txformat=0
SCI1: riv=11, mcs=15, priority=4, res_rsrv=12, t_gap=15, rtx=0, txformat=1
SCI1: riv=9, mcs=20, priority=3, res_rsrv=11, t_gap=8, rtx=0, txformat=0
SCI1: riv=12, mcs=4, priority=6, res_rsrv=10, t_gap=2, rtx=0, txformat=0
SCI1: riv=5, mcs=19, priority=5, res_rsrv=8, t_gap=1, rtx=1, txformat=1
SCI1: riv=9, mcs=8, priority=0, res_rsrv=3, t_gap=5, rtx=1, txformat=1
SCI1: riv=3, mcs=7, priority=1, res_rsrv=9, t_gap=14, rtx=0, txformat=0
SCI1: riv=10, mcs=8, priority=0, res_rsrv=14, t_gap=2, rtx=1, txformat=1
SCI1: riv=3, mcs=24, priority=6, res_rsrv=8, t_gap=14, rtx=0, txformat=0
SCI1: riv=5, mcs=18, priority=7, res_rsrv=2, t_gap=7, rtx=1, txformat=1
SCI1: riv=4, mcs=3, priority=1, res_rsrv=7, t_gap=7, rtx=0, txformat=0
SCI1: riv=1, mcs=20, priority=7, res_rsrv=1, t_gap=15, rtx=0, txformat=0
SCI1: riv=13, mcs=0, priority=4, res_rsrv=14, t_gap=6, rtx=1, txformat=0
SCI1: riv=5, mcs=25, priority=1, res_rsrv=6, t_gap=14, rtx=1, txformat=0
SCI1: riv=11, mcs=13, priority=4, res_rsrv=12, t_gap=15, rtx=1, txformat=1
SCI1: riv=3, mcs=20, priority=7, res_rsrv=10, t_gap=7, rtx=0, txformat=0
SCI1: riv=1, mcs=17, priority=0, res_rsrv=3, t_gap=5, rtx=0, txformat=1
SCI1: riv=15, mcs=12, priority=4, res_rsrv=10, t_gap=10, rtx=0, txformat=0
SCI1: riv=7, mcs=28, priority=7, res_rsrv=12, t_gap=5, rtx=0, txformat=0
SCI1: riv=15, mcs=9, priority=4, res_rsrv=12, t_gap=14, rtx=0, txformat=1
SCI1: riv=11, mcs=21, priority=4, res_rsrv=5, t_gap=0, rtx=1, txformat=0
SCI1: riv=1, mcs=1, priority=6, res_rsrv=6, t_gap=5, rtx=1, txformat=0
SCI1: riv=6, mcs=24, priority=0, res_rsrv=13, t_gap=11, rtx=1, txformat=1
SCI1: riv=13, mcs=22, priority=5, res_rsrv=1, t_gap=12, rtx=1, txformat=0
SCI1: riv=15, mcs=21, priority=7, res_rsrv=6, t_gap=2, rtx=1, txformat=0
SCI1: riv=0, mcs=6, priority=3, res_rsrv=3, t_gap=3, rtx=0, txformat=1
SCI1: riv=1, mcs=1, priority=0, res_rsrv=7, t_gap=14, rtx=0, txformat=1
SCI1: riv=10, mcs=0, priority=4, res_rsrv=14, t_gap=1, rtx=0, txformat=0
SCI1: riv=0, mcs=5, priority=0, res_rsrv=1, t_gap=9, rtx=0, txformat=0
SCI1: riv=12, mcs=14, priority=4, res_rsrv=14, t_gap=14, rtx=1, txformat=1
SCI1: riv=7, mcs=23, priority=7, res_rsrv=6, t_gap=4, rtx=1, txformat=1
SCI1: riv=8, mcs=14, priority=5, res_rsrv=0, t_gap=15, rtx=1, txformat=1
SCI1: riv=5, mcs=0, priority=6, res_rsrv=6, t_gap=0, rtx=1, txformat=1
SCI1: riv=9, mcs=21, priority=2, res_rsrv=0, t_gap=10, rtx=0, txformat=0
SCI1: riv=8, mcs=18, priority=4, res_rsrv=10, t_gap=0, rtx=0, txformat=0
SCI1: riv=3, mcs=24, priority=2, res_rsrv=12, t_gap=9, rtx=0, txformat=1
SCI1: riv=4, mcs=6, priority=3, res_rsrv=7, t_gap=8, rtx=1, txformat=1
SCI1: riv=4, mcs=6, priority=3, res_rsrv=7, t_gap=8, rtx=1, txformat=1
SCI1: riv=4, mcs=6, priority=3, res_rsrv=7, t_gap=8, rtx=1, txformat=1
SCI1: riv=4, mcs=6, priority=3, res_rsrv=7, t_gap=8, rtx=1, txformat=1
SCI1: riv=4, mcs=6, priority=3, res_rsrv=7, t_gap=8, rtx=1, txformat=1
SCI1: riv=4, mcs=6, priority=3, res_rsrv=7, t_gap=8, rtx=1, txformat=1
SCI1: riv=4, mcs=6, priority=3, res_rsrv=7, t_gap=8, rtx=1, txformat=1
SCI1: riv=4, mcs=6, priority=3, res_rsrv=7, t_gap=8, rtx=1, txformat=1
SCI1: riv=4, mcs=6, priority=3, res_rsrv=7, t_gap=8, rtx=1, txformat=1
SCI1: riv=4, mcs=6, priority=3, res_rsrv=7, t_gap=8, rtx=1, txformat=1
SCI1: riv=4, mcs=6, priority=3, res_rsrv=7, t_gap=8, rtx=1, txformat=1
SCI1: riv=4, mcs=6, priority=3, res_rsrv=7, t_gap=8, rtx=1, txformat=1
SCI1: riv=4, mcs=6, priority=3, res_rsrv=7, t_gap=8, rtx=1, txformat=1
SCI1: riv=4, mcs=6, priority=3, res_rsrv=7, t_gap=8, rtx=1, txformat=1
SCI1: riv=4, mcs=6, priority=3, res_rsrv=7, t_gap=8, rtx=1, txformat=1
SCI1: riv=4, mcs=6, priority=3, res_rsrv=7, t_gap=8, rtx=1, txformat=1
SCI1: riv=4, mcs=6, priority=3, res_rsrv=7, t_gap=8, rtx=1, txformat=1
SCI1: riv=4, mcs=6, priority=3, res_rsrv=7, t_gap=8, rtx=1, txformat=1
SCI1: riv=4, mcs=6, priority=3, res_rsrv=7, t_gap=8, rtx=1, txformat=1
SCI1: riv=4, mcs=6, priority=3, res_rsrv=7, t_gap=8, rtx=1, txformat=1
SCI1: riv=4, mcs=6, priority=3, res_rsrv=7, t_gap=8, rtx=1, txformat=1
SCI1: riv=4, mcs=6, priority=3, res_rsrv=7, t_gap=8, rtx=1, txformat=1
SCI1: riv=5, mcs=18, priority=4, res_rsrv=11, t_gap=13, rtx=0, txformat=0
SCI1: riv=0, mcs=21, priority=4, res_rsrv=8, t_gap=13, rtx=0, txformat=0
SCI1: riv=7, mcs=18, priority=0, res_rsrv=0, t_gap=7, rtx=0, txformat=1
SCI1: riv=11, mcs=6, priority=2, res_rsrv=2, t_gap=4, rtx=1, txformat=0
SCI1: riv=12, mcs=28, priority=7, res_rsrv=9, t_gap=7, rtx=0, txformat=0
SCI1: riv=8, mcs=13, priority=6, res_rsrv=4, t_gap=0, rtx=0, txformat=0
SCI1: riv=2, mcs=10, priority=7, res_rsrv=5, t_gap=2, rtx=1, txformat=0
SCI1: riv=12, mcs=14, priority=2, res_rsrv=15, t_gap=11, rtx=0, txformat=1
SCI1: riv=4, mcs=23, priority=2, res_rsrv=4, t_gap=5, rtx=0, txformat=0
SCI1: riv=11, mcs=0, priority=3, res_rsrv=4, t_gap=6, rtx=1, txformat=1
SCI1: riv=10, mcs=16, priority=6, res_rsrv=7, t_gap=6, rtx=1, txformat=1
SCI1: riv=2, mcs=13, priority=1, res_rsrv=1, t_gap=12, rtx=0, txformat=0
SCI1: riv=6, mcs=7, priority=6, res_rsrv=2, t_gap=3, rtx=1, txformat=1
SCI1: riv=1, mcs=6, priority=0, res_rsrv=13, t_gap=14, rtx=1, txformat=1
SCI1: riv=3, mcs=23, priority=6, res_rsrv=12, t_gap=13, rtx=1, txformat=1
SCI1: riv=7, mcs=5, priority=2, res_rsrv=4, t_gap=15, rtx=0, txformat=0
SCI1: riv=13, mcs=25, priority=7, res_rsrv=13, t_gap=7, rtx=1, txformat=0
SCI1: riv=14, mcs=25, priority=6, res_rsrv=15, t_gap=5, rtx=1, txformat=1
SCI1: riv=8, mcs=14, priority=4, res_rsrv=8, t_gap=0, rtx=0, txformat=1
SCI1: riv=2, mcs=9, priority=7, res_rsrv=13, t_gap=11, rtx=0, txformat=1
SCI1: riv=10, mcs=3, priority=0, res_rsrv=1, t_gap=8, rtx=0, txformat=1
SCI1: riv=8, mcs=10, priority=4, res_rsrv=15, t_gap=2, rtx=0, txformat=1
SCI1: riv=4, mcs=4, priority=6, res_rsrv=4, t_gap=14, rtx=1, txformat=1
SCI1: riv=5, mcs=0, priority=3, res_rsrv=7, t_gap=14, rtx=1, txformat=0
SCI1: riv=0, mcs=2, priority=3, res_rsrv=14, t_gap=13, rtx=0, txformat=0
SCI1: riv=15, mcs=16, priority=3, res_rsrv=11, t_gap=11, rtx=1, txformat=0
SCI1: riv=6, mcs=6, priority=1, res_rsrv=12, t_gap=11, rtx=0, txformat=1
SCI1: riv=11, mcs=12, priority=2, res_rsrv=5, t_gap=1, rtx=0, txformat=0
SCI1: riv=12, mcs=17, priority=3, res_rsrv=9, t_gap=1, rtx=1, txformat=0
SCI1: riv=0, mcs=17, priority=7, res_rsrv=14, t_gap=6, rtx=0, txformat=0
SCI1: riv=9, mcs=9, priority=1, res_rsrv=5, t_gap=14, rtx=1, txformat=1
SCI1: riv=4, mcs=10, priority=0, res_rsrv=7, t_gap=12, rtx=0, txformat=0
SCI1: riv=8, mcs=24, priority=6, res_rsrv=7, t_gap=9, rtx=1, txformat=1
SCI1: riv=5, mcs=1, priority=4, res_rsrv=7, t_gap=12, rtx=0, txformat=0
SCI1: riv=4, mcs=5, priority=6, res_rsrv=2, t_gap=10, rtx=0, txformat=0
SCI1: riv=0, mcs=10, priority=1, res_rsrv=1, t_gap=12, rtx=1, txformat=0
SCI1: riv=5, mcs=13, priority=5, res_rsrv=13, t_gap=11, rtx=0, txformat=1
SCI1: riv=5, mcs=28, priority=3, res_rsrv=9, t_gap=7, rtx=0, txformat=1
SCI1: riv=5, mcs=25, priority=3, res_rsrv=4, t_gap=6, rtx=0, txformat=1
SCI1: riv=15, mcs=28, priority=3, res_rsrv=13, t_gap=1, rtx=1, txformat=0
SCI1: riv=11, mcs=13, priority=3, res_rsrv=0, t_gap=6, rtx=0, txformat=0
SCI1: riv=14, mcs=26, priority=3, res_rsrv=3, t_gap=11, rtx=0, txformat=0
SCI1: riv=10, mcs=22, priority=6, res_rsrv=12, t_gap=13, rtx=0, txformat=0
SCI1: riv=10, mcs=28, priority=0, res_rsrv=12, t_gap=0, rtx=1, txformat=0
SCI1: riv=5, mcs=3, priority=4, res_rsrv=13, t_gap=5, rtx=1, txformat=1
SCI1: riv=9, mcs=26, priority=5, res_rsrv=6, t_gap=0, rtx=0, txformat=0
SCI1: riv=15, mcs=8, priority=6, res_rsrv=4, t_gap=14, rtx=0, txformat=1
SCI1: riv=8, mcs=11, priority=4, res_rsrv=9, t_gap=2, rtx=0, txformat=0
SCI1: riv=10, mcs=16, priority=2, res_rsrv=3, t_gap=4, rtx=1, txformat=0
SCI1: riv=12, mcs=16, priority=5, res_rsrv=7, t_gap=15, rtx=0, txformat=1
SCI1: riv=11, mcs=5, priority=0, res_rsrv=13, t_gap=1, rtx=1, txformat=1
SCI1: riv=5, mcs=15, priority=2, res_rsrv=6, t_gap=10, rtx=0, txformat=0
SCI1: riv=9, mcs=7, priority=3, res_rsrv=4, t_gap=13, rtx=1, txformat=0
SCI1: riv=2, mcs=8, priority=0, res_rsrv=1, t_gap=1, rtx=1, txformat=0
SCI1: riv=5, mcs=1, priority=7, res_rsrv=7, t_gap=13, rtx=1, txformat=1
SCI1: riv=1, mcs=6, priority=7, res_rsrv=8, t_gap=7, rtx=0, txformat=0
SCI1: riv=12, mcs=17, priority=0, res_rsrv=14, t_gap=4, rtx=0, txformat=1
SCI1: riv=5, mcs=18, priority=1, res_rsrv=3, t_gap=8, rtx=0, txformat=0
SCI1: riv=5, mcs=14, priority=1, res_rsrv=7, t_gap=6, rtx=0, txformat=1
SCI1: riv=13, mcs=0, priority=7, res_rsrv=11, t_gap=4, rtx=0, txformat=0
SCI1: riv=7, mcs=0, priority=4, res_rsrv=7, t_gap=4, rtx=0, txformat=0
SCI1: riv=1, mcs=19, priority=0, res_rsrv=8, t_gap=14, rtx=1, txformat=0
SCI1: riv=15, mcs=22, priority=6, res_rsrv=0, t_gap=11, rtx=1, txformat=0
SCI1: riv=9, mcs=21, priority=4, res_rsrv=1, t_gap=0, rtx=1, txformat=1
SCI1: riv=12, mcs=25, priority=3, res_rsrv=3, t_gap=2, rtx=1, txformat=1
SCI1: riv=10, mcs=3, priority=4, res_rsrv=6, t_gap=6, rtx=1, txformat=0
SCI1: riv=1, mcs=10, priority=3, res_rsrv=4, t_gap=10, rtx=1, txformat=1
SCI1: riv=14, mcs=6, priority=0, res_rsrv=8, t_gap=15, rtx=0, txformat=1
SCI1: riv=7, mcs=15, priority=0, res_rsrv=6, t_gap=0, rtx=1, txformat=0
SCI1: riv=15, mcs=13, priority=6, res_rsrv=7, t_gap=9, rtx=1, txformat=0
SCI1: riv=0, mcs=28, priority=7, res_rsrv=0, t_gap=2, rtx=1, txformat=1
SCI1: riv=10, mcs=23, priority=5, res_rsrv=3, t_gap=8, rtx=0, txformat=1
SCI1: riv=1, mcs=6, priority=4, res_rsrv=15, t_gap=15, rtx=1, txformat=1
SCI1: riv=3, mcs=9, priority=6, res_rsrv=8, t_gap=12, rtx=1, txformat=1
SCI1: riv=5, mcs=6, priority=4, res_rsrv=11, t_gap=9, rtx=0, txformat=1
SCI1: riv=9, mcs=21, priority=7, res_rsrv=11, t_gap=3, rtx=1, txformat=1
SCI1: riv=10, mcs=10, priority=2, res_rsrv=8, t_gap=0, rtx=0, txformat=1
SCI1: riv=12, mcs=1, priority=0, res_rsrv=6, t_gap=15, rtx=0, txformat=1
SCI1: riv=1, mcs=3, priority=5, res_rsrv=13, t_gap=0, rtx=1, txformat=0
SCI1: riv=2, mcs=23, priority=5, res_rsrv=7, t_gap=14, rtx=0, txformat=0
SCI1: riv=1, mcs=12, priority=7, res_rsrv=1, t_gap=9, rtx=1, txformat=0
SCI1: riv=7, mcs=26, priority=2, res_rsrv=7, t_gap=8, rtx=0, txformat=0
SCI1: riv=10, mcs=8, priority=2, res_rsrv=10, t_gap=4, rtx=0, txformat=1
SCI1: riv=10, mcs=10, priority=4, res_rsrv=7, t_gap=15, rtx=1, txformat=1
SCI1: riv=2, mcs=26, priority=4, res_rsrv=6, t_gap=5, rtx=0, txformat=0
SCI1: riv=3, mcs=26, priority=6, res_rsrv=7, t_gap=0, rtx=0, txformat=1
SCI1: riv=12, mcs=0, priority=7, res_rsrv=5, t_gap=6, rtx=1, txformat=1
SCI1: riv=3, mcs=18, priority=4, res_rsrv=6, t_gap=13, rtx=0, txformat=1
SCI1: riv=12, mcs=19, priority=3, res_rsrv=10, t_gap=11, rtx=0, txformat=0
SCI1: riv=2, mcs=6, priority=0, res_rsrv=10, t_gap=8, rtx=0, txformat=1
SCI1: riv=1, mcs=7, priority=3, res_rsrv=6, t_gap=10, rtx=0, txformat=1
SCI1: riv=7, mcs=17, priority=3, res_rsrv=5, t_gap=1, rtx=0, txformat=1
SCI1: riv=10, mcs=11, priority=0, res_rsrv=6, t_gap=11, rtx=0, txformat=0
SCI1: riv=2, mcs=9, priority=5, res_rsrv=1, t_gap=12, rtx=0, txformat=0
SCI1: riv=2, mcs=22, priority=5, res_rsrv=8, t_gap=2, rtx=1, txformat=1
SCI1: riv=15, mcs=22, priority=0, res_rsrv=6, t_gap=8, rtx=1, txformat=0
SCI1: riv=11, mcs=20, priority=1, res_rsrv=2, t_gap=3, rtx=1, txformat=1
SCI1: riv=0, mcs=27, priority=1, res_rsrv=4, t_gap=6, rtx=0, txformat=1
SCI1: riv=8, mcs=20, priority=6, res_rsrv=9, t_gap=2, rtx=1, txformat=0
SCI1: riv=3, mcs=4, priority=5, res_rsrv=6, t_gap=1, rtx=0, txformat=0
SCI1: riv=2, mcs=19, priority=7, res_rsrv=5, t_gap=12, rtx=0, txformat=1
SCI1: riv=7, mcs=2, priority=2, res_rsrv=3, t_gap=0, rtx=0, txformat=0
SCI1: riv=10, mcs=17, priority=1, res_rsrv=2, t_gap=8, rtx=1, txformat=0
SCI1: riv=14, mcs=0, priority=1, res_rsrv=14, t_gap=0, rtx=0, txformat=0
SCI1: riv=11, mcs=3, priority=5, res_rsrv=1, t_gap=9, rtx=0, txformat=0
SCI1: riv=10, mcs=26, priority=1, res_rsrv=3, t_gap=9, rtx=0, txformat=0
SCI1: riv=2, mcs=9, priority=1, res_rsrv=3, t_gap=10, rtx=1, txformat=1
SCI1: riv=2, mcs=8, priority=4, res_rsrv=3, t_gap=14, rtx=0, txformat=0
SCI1: riv=9, mcs=20, priority=3, res_rsrv=0, t_gap=1, rtx=0, txformat=1
SCI1: riv=7, mcs=9, priority=5, res_rsrv=14, t_gap=12, rtx=1, txformat=1
SCI1: riv=10, mcs=15, priority=1, res_rsrv=2, t_gap=8, rtx=0, txformat=1
SCI1: riv=3, mcs=18, priority=6, res_rsrv=10, t_gap=5, rtx=0, txformat=1
SCI1: riv=5, mcs=8, priority=3, res_rsrv=1, t_gap=14, rtx=0, txformat=0
SCI1: riv=2, mcs=12, priority=6, res_rsrv=4, t_gap=8, rtx=1, txformat=1
SCI1: riv=15, mcs=28, priority=4, res_rsrv=4, t_gap=0, rtx=1, txformat=1
SCI1: riv=14, mcs=20, priority=3, res_rsrv=13, t_gap=12, rtx=0, txformat=1
SCI1: riv=1, mcs=4, priority=0, res_rsrv=2, t_gap=2, rtx=0, txformat=0
SCI1: riv=13, mcs=10, priority=4, res_rsrv=9, t_gap=9, rtx=1, txformat=1
SCI1: riv=0, mcs=19, priority=2, res_rsrv=4, t_gap=14, rtx=0, txformat=0
SCI1: riv=8, mcs=4, priority=1, res_rsrv=2, t_gap=3, rtx=0, txformat=1
SCI1: riv=8, mcs=20, priority=4, res_rsrv=15, t_gap=11, rtx=1, txformat=0
SCI1: riv=12, mcs=20, priority=6, res_rsrv=9, t_gap=5, rtx=1, txformat=0
SCI1: riv=3, mcs=24, priority=7, res_rsrv=2, t_gap=10, rtx=1, txformat=0
SCI1: riv=5, mcs=18, priority=6, res_rsrv=7, t_gap=8, rtx=1, txformat=0
SCI1: riv=10, mcs=17, priority=1, res_rsrv=12, t_gap=15, rtx=0, txformat=1
SCI1: riv=11, mcs=4, priority=1, res_rsrv=3, t_gap=6, rtx=0, txformat=1
SCI1: riv=11, mcs=17, priority=4, res_rsrv=15, t_gap=8, rtx=0, txformat=1
SCI1: riv=10, mcs=12, priority=4, res_rsrv=9, t_gap=12, rtx=1, txformat=1
SCI1: riv=9, mcs=10, priority=1, res_rsrv=14, t_gap=6, rtx=0, txformat=0
SCI1: riv=8, mcs=7, priority=1, res_rsrv=15, t_gap=4, rtx=1, txformat=0
SCI1: riv=15, mcs=10, priority=6, res_rsrv=4, t_gap=15, rtx=1, txformat=0
SCI1: riv=13, mcs=2, priority=6, res_rsrv=14, t_gap=11, rtx=1, txformat=0
SCI1: riv=3, mcs=6, priority=1, res_rsrv=11, t_gap=11, rtx=0, txformat=1
SCI1: riv=1, mcs=25, priority=4, res_rsrv=9, t_gap=8, rtx=0, txformat=1
SCI1: riv=12, mcs=0, priority=7, res_rsrv=13, t_gap=2, rtx=1, txformat=0
SCI1: riv=9, mcs=23, priority=0, res_rsrv=7, t_gap=3, rtx=1, txformat=0
SCI1: riv=10, mcs=24, priority=7, res_rsrv=3, t_gap=0, rtx=0, txformat=0
SCI1: riv=11, mcs=10, priority=3, res_rsrv=1, t_gap=14, rtx=0, txformat=1
SCI1: riv=11, mcs=25, priority=0, res_rsrv=13, t_gap=6, rtx=0, txformat=0
SCI1: riv=11, mcs=4, priority=1, res_rsrv=10, t_gap=15, rtx=1, txformat=0
SCI1: riv=1, mcs=5, priority=7, res_rsrv=7, t_gap=15, rtx=0, txformat=0
SCI1: riv=5, mcs=21, priority=4, res_rsrv=8, t_gap=1, rtx=0, txformat=1
SCI1: riv=10, mcs=7, priority=3, res_rsrv=8, t_gap=12, rtx=1, txformat=1
SCI1: riv=13, mcs=2, priority=5, res_rsrv=13, t_gap=5, rtx=1, txformat=0
SCI1: riv=3, mcs=5, priority=1, res_rsrv=8, t_gap=3, rtx=0, txformat=0
SCI1: riv=10, mcs=15, priority=6, res_rsrv=4, t_gap=2, rtx=0, txformat=0
SCI1: riv=9, mcs=14, priority=2, res_rsrv=7, t_gap=8, rtx=0, txformat=1
SCI1: riv=13, mcs=0, priority=3, res_rsrv=5, t_gap=11, rtx=0, txformat=1
SCI1: riv=13, mcs=0, priority=3, res_rsrv=5, t_gap=11, rtx=0, txformat=1
SCI1: riv=9, mcs=6, priority=3, res_rsrv=15, t_gap=6, rtx=1, txformat=0
SCI1: riv=9, mcs=14, priority=4, res_rsrv=0, t_gap=1, rtx=1, txformat=1
SCI1: riv=6, mcs=12, priority=1, res_rsrv=15, t_gap=11, rtx=1, txformat=0
SCI1: riv=1, mcs=0, priority=7, res_rsrv=13, t_gap=0, rtx=0, txformat=1
SCI1: riv=3, mcs=24, priority=4, res_rsrv=15, t_gap=10, rtx=0, txformat=1
SCI1: riv=14, mcs=15, priority=5, res_rsrv=2, t_gap=0, rtx=0, txformat=1
SCI1: riv=10, mcs=3, priority=2, res_rsrv=13, t_gap=8, rtx=1, txformat=1
SCI1: riv=12, mcs=10, priority=1, res_rsrv=12, t_gap=7, rtx=0, txformat=1
SCI1: riv=2, mcs=10, priority=4, res_rsrv=5, t_gap=6, rtx=0, txformat=1
SCI1: riv=1, mcs=3, priority=5, res_rsrv=10, t_gap=1, rtx=1, txformat=0
SCI1: riv=1, mcs=3, priority=3, res_rsrv=14, t_gap=7, rtx=0, txformat=1
SCI1: riv=9, mcs=14, priority=4, res_rsrv=8, t_gap=6, rtx=0, txformat=0
SCI1: riv=9, mcs=12, priority=7, res_rsrv=10, t_gap=1, rtx=1, txformat=1
SCI1: riv=1, mcs=10, priority=1, res_rsrv=12, t_gap=10, rtx=1, txformat=1
SCI1: riv=11, mcs=28, priority=6, res_rsrv=10, t_gap=4, rtx=1, txformat=0
SCI1: riv=11, mcs=22, priority=6, res_rsrv=5, t_gap=4, rtx=1, txformat=1
SCI1: riv=10, mcs=17, priority=0, res_rsrv=9, t_gap=10, rtx=1, txformat=1
SCI1: riv=9, mcs=27, priority=6, res_rsrv=4, t_gap=9, rtx=0, txformat=1
SCI1: riv=8, mcs=7, priority=2, res_rsrv=13, t_gap=1, rtx=1, txformat=0
SCI1: riv=1, mcs=18, priority=3, res_rsrv=9, t_gap=8, rtx=1, txformat=0
SCI1: riv=3, mcs=16, priority=3, res_rsrv=12, t_gap=4, rtx=0, txformat=0
SCI1: riv=10, mcs=13, priority=6, res_rsrv=8, t_gap=4, rtx=0, txformat=1
SCI1: riv=5, mcs=23, priority=3, res_rsrv=5, t_gap=15, rtx=1, txformat=0
SCI1: riv=4, mcs=23, priority=6, res_rsrv=3, t_gap=11, rtx=0, txformat=0
SCI1: riv=14, mcs=27, priority=0, res_rsrv=6, t_gap=4, rtx=0, txformat=0
SCI1: riv=7, mcs=4, priority=6, res_rsrv=6, t_gap=11, rtx=0, txformat=0
SCI1: riv=15, mcs=27, priority=4, res_rsrv=5, t_gap=14, rtx=0, txformat=0
SCI1: riv=8, mcs=3, priority=6, res_rsrv=14, t_gap=8, rtx=1, txformat=0
SCI1: riv=12, mcs=3, priority=6, res_rsrv=13, t_gap=15, rtx=0, txformat=0
SCI1: riv=9, mcs=15, priority=1, res_rsrv=4, t_gap=10, rtx=0, txformat=1
SCI1: riv=14, mcs=22, priority=3, res_rsrv=7, t_gap=7, rtx=1, txformat=1
SCI1: riv=5, mcs=11, priority=5, res_rsrv=5, t_gap=10, rtx=0, txformat=0
SCI1: riv=8, mcs=4, priority=5, res_rsrv=3, t_gap=7, rtx=0, txformat=0
SCI1: riv=9, mcs=22, priority=6, res_rsrv=0, t_gap=14, rtx=1, txformat=1
SCI1: riv=0, mcs=17, priority=7, res_rsrv=9, t_gap=1, rtx=0, txformat=1
SCI1: riv=7, mcs=1, priority=0, res_rsrv=14, t_gap=0, rtx=0, txformat=1
SCI1: riv=7, mcs=17, priority=0, res_rsrv=15, t_gap=2, rtx=1, txformat=0
SCI1: riv=13, mcs=19, priority=0, res_rsrv=11, t_gap=3, rtx=0, txformat=0
SCI1: riv=3, mcs=26, priority=0, res_rsrv=10, t_gap=8, rtx=0, txformat=1
SCI1: riv=14, mcs=0, priority=5, res_rsrv=5, t_gap=14, rtx=1, txformat=1
SCI1: riv=14, mcs=28, priority=5, res_rsrv=0, t_gap=11, rtx=1, txformat=0
SCI1: riv=15, mcs=6, priority=1, res_rsrv=0, t_gap=12, rtx=1, txformat=1
SCI1: riv=6, mcs=15, priority=4, res_rsrv=0, t_gap=15, rtx=0, txformat=1
SCI1: riv=12, mcs=27, priority=7, res_rsrv=6, t_gap=8, rtx=1, txformat=1
SCI1: riv=7, mcs=6, priority=7, res_rsrv=11, t_gap=4, rtx=1, txformat=1
SCI1: riv=1, mcs=24, priority=5, res_rsrv=0, t_gap=8, rtx=0, txformat=1
SCI1: riv=7, mcs=6, priority=0, res_rsrv=0, t_gap=12, rtx=0, txformat=1
SCI1: riv=14, mcs=13, priority=6, res_rsrv=1, t_gap=11, rtx=0, txformat=1
SCI1: riv=3, mcs=22, priority=1, res_rsrv=9, t_gap=11, rtx=1, txformat=1
SCI1: riv=3, mcs=14, priority=5, res_rsrv=10, t_gap=6, rtx=1, txformat=1
SCI1: riv=6, mcs=0, priority=6, res_rsrv=5, t_gap=8, rtx=1, txformat=0
SCI1: riv=14, mcs=2, priority=4, res_rsrv=10, t_gap=1, rtx=1, txformat=0
SCI1: riv=12, mcs=23, priority=6, res_rsrv=2, t_gap=2, rtx=1, txformat=1
SCI1: riv=10, mcs=5, priority=7, res_rsrv=15, t_gap=4, rtx=0, txformat=1
SCI1: riv=1, mcs=23, priority=1, res_rsrv=6, t_gap=3, rtx=0, txformat=0
SCI1: riv=8, mcs=20, priority=1, res_rsrv=10, t_gap=6, rtx=1, txformat=1
SCI1: riv=0, mcs=23, priority=7, res_rsrv=5, t_gap=1, rtx=1, txformat=1
SCI1: riv=15, mcs=23, priority=2, res_rsrv=0, t_gap=2, rtx=1, txformat=1
SCI1: riv=7, mcs=14, priority=7, res_rsrv=6, t_gap=11, rtx=1, txformat=1
SCI1: riv=9, mcs=13, priority=3, res_rsrv=2, t_gap=1, rtx=1, txformat=0
SCI1: riv=0, mcs=8, priority=5, res_rsrv=11, t_gap=9, rtx=0, txformat=0
SCI1: riv=13, mcs=2, priority=6, res_rsrv=8, t_gap=0, rtx=1, txformat=0
SCI1: riv=13, mcs=24, priority=2, res_rsrv=2, t_gap=2, rtx=1, txformat=0
SCI1: riv=15, mcs=14, priority=7, res_rsrv=1, t_gap=6, rtx=0, txformat=0
SCI1: riv=13, mcs=12, priority=0, res_rsrv=15, t_gap=6, rtx=0, txformat=0
SCI1: riv=12, mcs=24, priority=4, res_rsrv=8, t_gap=13, rtx=1, txformat=0
SCI1: riv=14, mcs=24, priority=3, res_rsrv=15, t_gap=3, rtx=1, txformat=1
SCI1: riv=2, mcs=8, priority=5, res_rsrv=7, t_gap=8, rtx=1, txformat=0
SCI1: riv=14, mcs=7, priority=0, res_rsrv=15, t_gap=4, rtx=1, txformat=0
SCI1: riv=13, mcs=14, priority=4, res_rsrv=2, t_gap=13, rtx=0, txformat=1
SCI1: riv=10, mcs=9, priority=1, res_rsrv=0, t_gap=3, rtx=1, txformat=1
SCI1: riv=4, mcs=26, priority=7, res_rsrv=12, t_gap=2, rtx=1, txformat=0
SCI1: riv=1, mcs=13, priority=4, res_rsrv=13, t_gap=11, rtx=1, txformat=0
SCI1: riv=4, mcs=0, priority=7, res_rsrv=2, t_gap=10, rtx=0, txformat=1
SCI1: riv=1, mcs=27, priority=3, res_rsrv=15, t_gap=10, rtx=0, txformat=0
SCI1: riv=8, mcs=20, priority=6, res_rsrv=0, t_gap=3, rtx=1, txformat=0
SCI1: riv=11, mcs=26, priority=7, res_rsrv=1, t_gap=15, rtx=1, txformat=0
SCI1: riv=9, mcs=0, priority=7, res_rsrv=14, t_gap=7, rtx=0, txformat=0
SCI1: riv=0, mcs=1, priority=5, res_rsrv=9, t_gap=9, rtx=1, txformat=1
SCI1: riv=7, mcs=8, priority=5, res_rsrv=15, t_gap=15, rtx=1, txformat=1
SCI1: riv=1, mcs=4, priority=2, res_rsrv=5, t_gap=0, rtx=0, txformat=1
SCI1: riv=8, mcs=11, priority=6, res_rsrv=5, t_gap=10, rtx=0, txformat=0
SCI1: riv=10, mcs=6, priority=0, res_rsrv=7, t_gap=15, rtx=1, txformat=0
SCI1: riv=9, mcs=9, priority=5, res_rsrv=14, t_gap=0, rtx=1, txformat=1
SCI1: riv=5, mcs=7, priority=5, res_rsrv=1, t_gap=14, rtx=0, txformat=0
SCI1: riv=11, mcs=17, priority=4, res_rsrv=12, t_gap=6, rtx=1, txformat=0
SCI1: riv=8, mcs=22, priority=7, res_rsrv=8, t_gap=6, rtx=0, txformat=1
SCI1: riv=14, mcs=0, priority=0, res_rsrv=12, t_gap=8, rtx=1, txformat=0
SCI1: riv=15, mcs=8, priority=1, res_rsrv=11, t_gap=5, rtx=0, txformat=1
SCI1: riv=5, mcs=12, priority=2, res_rsrv=9, t_gap=0, rtx=0, txformat=1
SCI1: riv=1, mcs=21, priority=6, res_rsrv=5, t_gap=3, rtx=0, txformat=1
SCI1: riv=0, mcs=5, priority=2, res_rsrv=9, t_gap=1, rtx=0, txformat=1
SCI1: riv=14, mcs=2, priority=1, res_rsrv=15, t_gap=1, rtx=0, txformat=1
SCI1: riv=10, mcs=17, priority=4, res_rsrv=11, t_gap=8, rtx=0, txformat=0
SCI1: riv=10, mcs=21, priority=3, res_rsrv=12, t_gap=0, rtx=0, txformat=1
SCI1: riv=6, mcs=16, priority=2, res_rsrv=12, t_gap=13, rtx=0, txformat=0
SCI1: riv=0, mcs=25, priority=2, res_rsrv=4, t_gap=13, rtx=0, txformat=0
SCI1: riv=9, mcs=11, priority=1, res_rsrv=8, t_gap=6, rtx=1, txformat=0
SCI1: riv=6, mcs=24, priority=5, res_rsrv=12, t_gap=2, rtx=0, txformat=1
SCI1: riv=9, mcs=19, priority=0, res_rsrv=7, t_gap=5, rtx=1, txformat=1
SCI1: riv=8, mcs=24, priority=6, res_rsrv=15, t_gap=13, rtx=0, txformat=1
SCI1: riv=10, mcs=23, priority=5, res_rsrv=8, t_gap=14, rtx=0, txformat=1
SCI1: riv=3, mcs=23, priority=0, res_rsrv=11, t_gap=7, rtx=0, txformat=1
SCI1: riv=1, mcs=26, priority=4, res_rsrv=1, t_gap=10, rtx=1, txformat=1
SCI1: riv=11, mcs=3, priority=3, res_rsrv=11, t_gap=11, rtx=0, txformat=1
SCI1: riv=8, mcs=6, priority=7, res_rsrv=4, t_gap=12, rtx=1, txformat=1
SCI1: riv=9, mcs=5, priority=0, res_rsrv=5, t_gap=7, rtx=0, txformat=0
SCI1: riv=3, mcs=7, priority=6, res_rsrv=7, t_gap=0, rtx=1, txformat=1
SCI1: riv=3, mcs=21, priority=5, res_rsrv=13, t_gap=7, rtx=1, txformat=1
SCI1: riv=12, mcs=11, priority=6, res_rsrv=3, t_gap=10, rtx=0, txformat=0
SCI1: riv=5, mcs=26, priority=2, res_rsrv=10, t_gap=7, rtx=1, txformat=0
SCI1: riv=4, mcs=18, priority=6, res_rsrv=8, t_gap=11, rtx=0, txformat=0
SCI1: riv=8, mcs=7, priority=4, res_rsrv=3, t_gap=1, rtx=0, txformat=1
SCI1: riv=11, mcs=14, priority=7, res_rsrv=9, t_gap=11, rtx=1, txformat=0
SCI1: riv=8, mcs=28, priority=1, res_rsrv=8, t_gap=15, rtx=1, txformat=0
SCI1: riv=6, mcs=5, priority=7, res_rsrv=15, t_gap=4, rtx=1, txformat=1
SCI1: riv=14, mcs=22, priority=4, res_rsrv=4, t_gap=9, rtx=1, txformat=0
SCI1: riv=6, mcs=22, priority=2, res_rsrv=14, t_gap=10, rtx=1, txformat=1
SCI1: riv=7, mcs=26, priority=6, res_rsrv=2, t_gap=9, rtx=1, txformat=0
SCI1: riv=15, mcs=3, priority=7, res_rsrv=13, t_gap=8, rtx=0, txformat=0
SCI1: riv=14, mcs=8, priority=7, res_rsrv=5, t_gap=4, rtx=0, txformat=0
SCI1: riv=14, mcs=10, priority=6, res_rsrv=5, t_gap=4, rtx=1, txformat=1
SCI1: riv=6, mcs=19, priority=6, res_rsrv=0, t_gap=14, rtx=1, txformat=1
SCI1: riv=14, mcs=14, priority=4, res_rsrv=3, t_gap=7, rtx=1, txformat=1
SCI1: riv=11, mcs=27, priority=1, res_rsrv=13, t_gap=1, rtx=1, txformat=1
SCI1: riv=0, mcs=11, priority=7, res_rsrv=10, t_gap=15, rtx=0, txformat=0
SCI1: riv=1, mcs=0, priority=4, res_rsrv=10, t_gap=14, rtx=0, txformat=1
SCI1: riv=14, mcs=5, priority=7, res_rsrv=3, t_gap=3, rtx=0, txformat=0
SCI1: riv=7, mcs=17, priority=6, res_rsrv=14, t_gap=6, rtx=0, txformat=0
SCI1: riv=6, mcs=10, priority=2, res_rsrv=5, t_gap=14, rtx=0, txformat=1
SCI1: riv=11, mcs=28, priority=6, res_rsrv=15, t_gap=3, rtx=1, txformat=0
SCI1: riv=5, mcs=5, priority=5, res_rsrv=15, t_gap=0, rtx=0, txformat=1
SCI1: riv=2, mcs=15, priority=6, res_rsrv=5, t_gap=5, rtx=0, txformat=0
SCI1: riv=4, mcs=25, priority=1, res_rsrv=3, t_gap=8, rtx=1, txformat=1
SCI1: riv=0, mcs=16, priority=2, res_rsrv=14, t_gap=9, rtx=1, txformat=1
SCI1: riv=13, mcs=3, priority=7, res_rsrv=14, t_gap=4, rtx=1, txformat=0
SCI1: riv=4, mcs=8, priority=2, res_rsrv=1, t_gap=15, rtx=0, txformat=0
SCI1: riv=10, mcs=28, priority=3, res_rsrv=9, t_gap=5, rtx=0, txformat=1
SCI1: riv=12, mcs=7, priority=5, res_rsrv=7, t_gap=12, rtx=1, txformat=0
SCI1: riv=12, mcs=20, priority=2, res_rsrv=13, t_gap=2, rtx=1, txformat=0
SCI1: riv=0, mcs=23, priority=5, res_rsrv=6, t_gap=14, rtx=0, txformat=1
SCI1: riv=1, mcs=8, priority=4, res_rsrv=6, t_gap=2, rtx=0, txformat=0
SCI1: riv=13, mcs=25, priority=5, res_rsrv=0, t_gap=9, rtx=0, txformat=1
SCI1: riv=10, mcs=11, priority=2, res_rsrv=15, t_gap=8, rtx=0, txformat=1
SCI1: riv=10, mcs=11, priority=2, res_rsrv=2, t_gap=3, rtx=0, txformat=1
SCI1: riv=5, mcs=2, priority=7, res_rsrv=0, t_gap=10, rtx=1, txformat=0
SCI1: riv=10, mcs=25, priority=2, res_rsrv=3, t_gap=8, rtx=1, txformat=1
SCI1: riv=8, mcs=28, priority=0, res_rsrv=11, t_gap=9, rtx=1, txformat=0
SCI1: riv=10, mcs=2, priority=7, res_rsrv=15, t_gap=11, rtx=1, txformat=0
SCI1: riv=1, mcs=2, priority=0, res_rsrv=11, t_gap=0, rtx=1, txformat=0
SCI1: riv=1, mcs=13, priority=3, res_rsrv=9, t_gap=5, rtx=1, txformat=0
SCI1: riv=15, mcs=1, priority=3, res_rsrv=5, t_gap=15, rtx=0, txformat=1
SCI1: riv=2, mcs=19, priority=3, res_rsrv=10, t_gap=6, rtx=1, txformat=1
SCI1: riv=0, mcs=2, priority=5, res_rsrv=11, t_gap=0, rtx=0, txformat=1
SCI1: riv=5, mcs=12, priority=3, res_rsrv=8, t_gap=3, rtx=1, txformat=0
SCI1: riv=14, mcs=27, priority=3, res_rsrv=3, t_gap=7, rtx=0, txformat=1
SCI1: riv=4, mcs=23, priority=0, res_rsrv=3, t_gap=4, rtx=1, txformat=1
SCI1: riv=11, mcs=11, priority=5, res_rsrv=2, t_gap=14, rtx=0, txformat=1
SCI1: riv=6, mcs=7, priority=6, res_rsrv=1, t_gap=13, rtx=0, txformat=1
SCI1: riv=7, mcs=21, priority=3, res_rsrv=15, t_gap=8, rtx=1, txformat=1
SCI1: riv=6, mcs=4, priority=7, res_rsrv=3, t_gap=0, rtx=0, txformat=0
SCI1: riv=14, mcs=25, priority=1, res_rsrv=6, t_gap=4, rtx=1, txformat=0
SCI1: riv=2, mcs=0, priority=5, res_rsrv=15, t_gap=12, rtx=0, txformat=1
SCI1: riv=12, mcs=26, priority=1, res_rsrv=9, t_gap=15, rtx=0, txformat=1
SCI1: riv=0, mcs=23, priority=0, res_rsrv=4, t_gap=6, rtx=0, txformat=0
SCI1: riv=13, mcs=23, priority=2, res_rsrv=1, t_gap=6, rtx=1, txformat=0
SCI1: riv=3, mcs=17, priority=7, res_rsrv=8, t_gap=9, rtx=0, txformat=1
SCI1: riv=6, mcs=11, priority=5, res_rsrv=5, t_gap=4, rtx=1, txformat=1
SCI1: riv=11, mcs=25, priority=3, res_rsrv=3, t_gap=2, rtx=0, txformat=1
SCI1: riv=1, mcs=5, priority=2, res_rsrv=2, t_gap=9, rtx=1, txformat=1
SCI1: riv=8, mcs=7, priority=0, res_rsrv=10, t_gap=8, rtx=1, txformat=0
SCI1: riv=2, mcs=11, priority=2, res_rsrv=8, t_gap=2, rtx=1, txformat=1
SCI1: riv=10, mcs=5, priority=2, res_rsrv=5, t_gap=3, rtx=1, txformat=0
SCI1: riv=15, mcs=9, priority=2, res_rsrv=12, t_gap=15, rtx=0, txformat=1
SCI1: riv=6, mcs=2, priority=3, res_rsrv=10, t_gap=12, rtx=0, txformat=1
SCI1: riv=11, mcs=10, priority=5, res_rsrv=2, t_gap=15, rtx=0, txformat=1
SCI1: riv=15, mcs=1, priority=1, res_rsrv=9, t_gap=3, rtx=0, txformat=0
SCI1: riv=1, mcs=7, priority=4, res_rsrv=13, t_gap=6, rtx=0, txformat=0
SCI1: riv=0, mcs=9, priority=3, res_rsrv=14, t_gap=6, rtx=0, txformat=1
SCI1: riv=10, mcs=17, priority=1, res_rsrv=1, t_gap=1, rtx=1, txformat=0
SCI1: riv=2, mcs=2, priority=0, res_rsrv=9, t_gap=6, rtx=1, txformat=1
SCI1: riv=9, mcs=5, priority=0, res_rsrv=6, t_gap=15, rtx=0, txformat=0
SCI1: riv=4, mcs=6, priority=6, res_rsrv=13, t_gap=0, rtx=1, txformat=0
SCI1: riv=14, mcs=28, priority=6, res_rsrv=0, t_gap=12, rtx=0, txformat=0
SCI1: riv=0, mcs=22, priority=4, res_rsrv=8, t_gap=1, rtx=1, txformat=1
SCI1: riv=5, mcs=7, priority=4, res_rsrv=9, t_gap=4, rtx=1, txformat=0
SCI1: riv=14, mcs=5, priority=2, res_rsrv=5, t_gap=0, rtx=1, txformat=0
SCI1: riv=2, mcs=25, priority=6, res_rsrv=4, t_gap=13, rtx=0, txformat=1
SCI1: riv=4, mcs=2, priority=0, res_rsrv=5, t_gap=12, rtx=0, txformat=1
SCI1: riv=4, mcs=9, priority=3, res_rsrv=5, t_gap=7, rtx=0, txformat=1
SCI1: riv=5, mcs=20, priority=1, res_rsrv=7, t_gap=4, rtx=0, txformat=1
SCI1: riv=14, mcs=12, priority=7, res_rsrv=10, t_gap=14, rtx=0, txformat=1
SCI1: riv=3, mcs=20, priority=0, res_rsrv=1, t_gap=11, rtx=0, txformat=0
SCI1: riv=6, mcs=26, priority=6, res_rsrv=9, t_gap=7, rtx=1, txformat=1
SCI1: riv=3, mcs=23, priority=1, res_rsrv=7, t_gap=15, rtx=1, txformat=1
SCI1: riv=10, mcs=5, priority=6, res_rsrv=6, t_gap=0, rtx=0, txformat=1
SCI1: riv=14, mcs=28, priority=5, res_rsrv=7, t_gap=0, rtx=1, txformat=1
SCI1: riv=2, mcs=9, priority=6, res_rsrv=1, t_gap=11, rtx=1, txformat=1
SCI1: riv=7, mcs=10, priority=7, res_rsrv=9, t_gap=10, rtx=0, txformat=1
SCI1: riv=13, mcs=19, priority=3, res_rsrv=8, t_gap=11, rtx=0, txformat=0
SCI1: riv=9, mcs=16, priority=0, res_rsrv=9, t_gap=4, rtx=0, txformat=1
SCI1: riv=12, mcs=20, priority=6, res_rsrv=11, t_gap=11, rtx=1, txformat=0
SCI1: riv=12, mcs=21, priority=4, res_rsrv=6, t_gap=15, rtx=1, txformat=0
SCI1: riv=13, mcs=0, priority=1, res_rsrv=13, t_gap=13, rtx=0, txformat=1
SCI1: riv=4, mcs=27, priority=3, res_rsrv=0, t_gap=13, rtx=0, txformat=0
SCI1: riv=12, mcs=27, priority=7, res_rsrv=0, t_gap=10, rtx=0, txformat=1
SCI1: riv=8, mcs=25, priority=4, res_rsrv=14, t_gap=15, rtx=1, txformat=0
SCI1: riv=14, mcs=19, priority=6, res_rsrv=0, t_gap=13, rtx=1, txformat=1
SCI1: riv=12, mcs=6, priority=1, res_rsrv=1, t_gap=13, rtx=0, txformat=0
SCI1: riv=5, mcs=19, priority=7, res_rsrv=0, t_gap=7, rtx=0, txformat=0
SCI1: riv=15, mcs=18, priority=4, res_rsrv=1, t_gap=3, rtx=0, txformat=1
SCI1: riv=15, mcs=0, priority=6, res_rsrv=2, t_gap=13, rtx=0, txformat=0
SCI1: riv=3, mcs=16, priority=3, res_rsrv=11, t_gap=7, rtx=1, txformat=0
SCI1: riv=0, mcs=5, priority=3, res_rsrv=2, t_gap=1, rtx=0, txformat=1
SCI1: riv=1, mcs=18, priority=3, res_rsrv=7, t_gap=10, rtx=0, txformat=0
SCI1: riv=8, mcs=28, priority=6, res_rsrv=8, t_gap=6, rtx=0, txformat=1
SCI1: riv=8, mcs=17, priority=5, res_rsrv=3, t_gap=2, rtx=0, txformat=0
SCI1: riv=0, mcs=9, priority=2, res_rsrv=15, t_gap=2, rtx=1, txformat=1
SCI1: riv=12, mcs=0, priority=5, res_rsrv=9, t_gap=4, rtx=0, txformat=1
SCI1: riv=6, mcs=14, priority=2, res_rsrv=8, t_gap=5, rtx=1, txformat=1
SCI1: riv=12, mcs=27, priority=0, res_rsrv=3, t_gap=6, rtx=1, txformat=0
SCI1: riv=0, mcs=4, priority=2, res_rsrv=10, t_gap=5, rtx=0, txformat=0
SCI1: riv=6, mcs=23, priority=2, res_rsrv=2, t_gap=7, rtx=1, txformat=1
SCI1: riv=5, mcs=18, priority=1, res_rsrv=7, t_gap=13, rtx=1, txformat=1
SCI1: riv=6, mcs=17, priority=5, res_rsrv=12, t_gap=8, rtx=1, txformat=1
SCI1: riv=0, mcs=15, priority=2, res_rsrv=11, t_gap=12, rtx=0, txformat=0
SCI1: riv=14, mcs=21, priority=4, res_rsrv=12, t_gap=7, rtx=0, txformat=0
SCI1: riv=10, mcs=7, priority=6, res_rsrv=4, t_gap=15, rtx=0, txformat=0
SCI1: riv=11, mcs=22, priority=1, res_rsrv=14, t_gap=5, rtx=1, txformat=0
SCI1: riv=11, mcs=23, priority=3, res_rsrv=13, t_gap=8, rtx=0, txformat=0
SCI1: riv=15, mcs=9, priority=4, res_rsrv=13, t_gap=4, rtx=1, txformat=0
SCI1: riv=0, mcs=27, priority=1, res_rsrv=4, t_gap=4, rtx=0, txformat=1
SCI1: riv=5, mcs=28, priority=1, res_rsrv=12, t_gap=5, rtx=0, txformat=0
SCI1: riv=1, mcs=25, priority=1, res_rsrv=12, t_gap=11, rtx=0, txformat=0
SCI1: riv=13, mcs=1, priority=6, res_rsrv=3, t_gap=7, rtx=1, txformat=1
SCI1: riv=11, mcs=16, priority=1, res_rsrv=11, t_gap=13, rtx=0, txformat=0
SCI1: riv=4, mcs=3, priority=3, res_rsrv=0, t_gap=8, rtx=1, txformat=0
SCI1: riv=11, mcs=8, priority=4, res_rsrv=0, t_gap=14, rtx=1, txformat=1
SCI1: riv=14, mcs=24, priority=6, res_rsrv=7, t_gap=11, rtx=0, txformat=0
SCI1: riv=0, mcs=6, priority=2, res_rsrv=14, t_gap=8, rtx=1, txformat=1
SCI1: riv=7, mcs=14, priority=6, res_rsrv=5, t_gap=12, rtx=1, txformat=0
SCI1: riv=14, mcs=0, priority=5, res_rsrv=10, t_gap=7, rtx=0, txformat=1
SCI1: riv=3, mcs=3, priority=6, res_rsrv=13, t_gap=6, rtx=1, txformat=0
SCI1: riv=1, mcs=17, priority=3, res_rsrv=2, t_gap=0, rtx=0, txformat=1
SCI1: riv=12, mcs=16, priority=6, res_rsrv=3, t_gap=9, rtx=1, txformat=1
SCI1: riv=9, mcs=28, priority=1, res_rsrv=8, t_gap=6, rtx=0, txformat=1
SCI1: riv=2, mcs=16, priority=6, res_rsrv=10, t_gap=2, rtx=1, txformat=0
SCI1: riv=5, mcs=17, priority=3, res_rsrv=8, t_gap=11, rtx=0, txformat=0
SCI1: riv=2, mcs=14, priority=6, res_rsrv=12, t_gap=0, rtx=1, txformat=1
SCI1: riv=9, mcs=10, priority=7, res_rsrv=9, t_gap=11, rtx=0, txformat=1
SCI1: riv=4, mcs=25, priority=1, res_rsrv=8, t_gap=10, rtx=0, txformat=0
SCI1: riv=13, mcs=28, priority=1, res_rsrv=10, t_gap=15, rtx=0, txformat=1
SCI1: riv=10, mcs=1, priority=1, res_rsrv=6, t_gap=4, rtx=1, txformat=1
SCI1: riv=9, mcs=24, priority=0, res_rsrv=2, t_gap=15, rtx=1, txformat=0
SCI1: riv=11, mcs=23, priority=0, res_rsrv=11, t_gap=4, rtx=0, txformat=0
SCI1: riv=4, mcs=28, priority=2, res_rsrv=15, t_gap=4, rtx=1, txformat=1
SCI1: riv=3, mcs=1, priority=2, res_rsrv=6, t_gap=0, rtx=0, txformat=1
SCI1: riv=11, mcs=4, priority=4, res_rsrv=12, t_gap=6, rtx=0, txformat=0
SCI1: riv=2, mcs=15, priority=7, res_rsrv=14, t_gap=13, rtx=0, txformat=1
SCI1: riv=10, mcs=0, priority=0, res_rsrv=10, t_gap=3, rtx=0, txformat=0
SCI1: riv=6, mcs=22, priority=6, res_rsrv=5, t_gap=10, rtx=0, txformat=0
SCI1: riv=14, mcs=15, priority=1, res_rsrv=11, t_gap=14, rtx=1, txformat=0
SCI1: riv=11, mcs=7, priority=1, res_rsrv=1, t_gap=2, rtx=0, txformat=0
SCI1: riv=7, mcs=10, priority=2, res_rsrv=14, t_gap=1, rtx=0, txformat=1
SCI1: riv=7, mcs=2, priority=0, res_rsrv=4, t_gap=9, rtx=0, txformat=1
SCI1: riv=1, mcs=25, priority=5, res_rsrv=9, t_gap=6, rtx=1, txformat=0
SCI1: riv=1, mcs=6, priority=7, res_rsrv=9, t_gap=8, rtx=0, txformat=0
SCI1: riv=15, mcs=28, priority=3, res_rsrv=3, t_gap=11, rtx=0, txformat=0
SCI1: riv=1, mcs=9, priority=6, res_rsrv=14, t_gap=4, rtx=0, txformat=1
SCI1: riv=0, mcs=18, priority=2, res_rsrv=5, t_gap=4, rtx=1, txformat=0
SCI1: riv=7, mcs=13, priority=7, res_rsrv=14, t_gap=15, rtx=0, txformat=0
SCI1: riv=8, mcs=22, priority=0, res_rsrv=0, t_gap=1, rtx=1, txformat=0
SCI1: riv=1, mcs=22, priority=5, res_rsrv=15, t_gap=10, rtx=1, txformat=0
SCI1: riv=4, mcs=1, priority=3, res_rsrv=12, t_gap=1, rtx=0, txformat=0
SCI1: riv=0, mcs=27, priority=3, res_rsrv=1, t_gap=10, rtx=0, txformat=0
SCI1: riv=11, mcs=15, priority=5, res_rsrv=10, t_gap=15, rtx=1, txformat=0
SCI1: riv=9, mcs=6, priority=3, res_rsrv=12, t_gap=9, rtx=1, txformat=1
SCI1: riv=14, mcs=24, priority=5, res_rsrv=12, t_gap=1, rtx=1, txformat=0
SCI1: riv=14, mcs=24, priority=5, res_rsrv=12, t_gap=1, rtx=1, txformat=0
SCI1: riv=14, mcs=24, priority=5, res_rsrv=12, t_gap=1, rtx=1, txformat=0
SCI1: riv=14, mcs=24, priority=5, res_rsrv=12, t_gap=1, rtx=1, txformat=0
SCI1: riv=14, mcs=24, priority=5, res_rsrv=12, t_gap=1, rtx=1, txformat=0
SCI1: riv=14, mcs=24, priority=5, res_rsrv=12, t_gap=1, rtx=1, txformat=0
SCI1: riv=14, mcs=24, priority=5, res_rsrv=12, t_gap=1, rtx=1, txformat=0
SCI1: riv=14, mcs=24, priority=5, res_rsrv=12, t_gap=1, rtx=1, txformat=0
SCI1: riv=14, mcs=24, priority=5, res_rsrv=12, t_gap=1, rtx=1, txformat=0
SCI1: riv=14, mcs=24, priority=5, res_rsrv=12, t_gap=1, rtx=1, txformat=0
SCI1: riv=14, mcs=24, priority=5, res_rsrv=12, t_gap=1, rtx=1, txformat=0
SCI1: riv=14, mcs=24, priority=5, res_rsrv=12, t_gap=1, rtx=1, txformat=0
SCI1: riv=14, mcs=24, priority=5, res_rsrv=12, t_gap=1, rtx=1, txformat=0
SCI1: riv=14, mcs=24, priority=5, res_rsrv=12, t_gap=1, rtx=1, txformat=0
SCI1: riv=14, mcs=24, priority=5, res_rsrv=12, t_gap=1, rtx=1, txformat=0
SCI1: riv=14, mcs=24, priority=5, res_rsrv=12, t_gap=1, rtx=1, txformat=0
SCI1: riv=14, mcs=24, priority=5, res_rsrv=12, t_gap=1, rtx=1, txformat=0
SCI1: riv=14, mcs=24, priority=5, res_rsrv=12, t_gap=1, rtx=1, txformat=0
SCI1: riv=14, mcs=24, priority=5, res_rsrv=12, t_gap=1, rtx=1, txformat=0
SCI1: riv=14, mcs=24, priority=5, res_rsrv=12, t_gap=1, rtx=1, txformat=0
SCI1: riv=14, mcs=24, priority=5, res_rsrv=12, t_gap=1, rtx=1, txformat=0
SCI1: riv=14, mcs=24, priority=5, res_rsrv=12, t_gap=1, rtx=1, txformat=0
SCI1: riv=14, mcs=24, priority=5, res_rsrv=12, t_gap=1, rtx=1, txformat=0
SCI1: riv=14, mcs=24, priority=5, res_rsrv=12, t_gap=1, rtx=1, txformat=0
SCI1: riv=14, mcs=24, priority=5, res_rsrv=12, t_gap=1, rtx=1, txformat=0
SCI1: riv=14, mcs=24, priority=5, res_rsrv=12, t_gap=1, rtx=1, txformat=0
SCI1: riv=14, mcs=24, priority=5, res_rsrv=12, t_gap=1, rtx=1, txformat=0
SCI1: riv=14, mcs=24, priority=5, res_rsrv=12, t_gap=1, rtx=1, txformat=0
SCI1: riv=14, mcs=24, priority=5, res_rsrv=12, t_gap=1, rtx=1, txformat=0
SCI1: riv=14, mcs=24, priority=5, res_rsrv=12, t_gap=1, rtx=1, txformat=0
SCI1: riv=14, mcs=24, priority=5, res_rsrv=12, t_gap=1, rtx=1, txformat=0
SCI1: riv=1, mcs=20, priority=5, res_rsrv=14, t_gap=15, rtx=0, txformat=0
SCI1: riv=3, mcs=8, priority=0, res_rsrv=3, t_gap=13, rtx=0, txformat=1
SCI1: riv=12, mcs=4, priority=2, res_rsrv=12, t_gap=1, rtx=0, txformat=0
SCI1: riv=11, mcs=24, priority=6, res_rsrv=2, t_gap=7, rtx=1, txformat=1
SCI1: riv=8, mcs=22, priority=5, res_rsrv=0, t_gap=8, rtx=1, txformat=1
SCI1: riv=2, mcs=14, priority=4, res_rsrv=14, t_gap=2, rtx=1, txformat=0
SCI1: riv=1, mcs=25, priority=1, res_rsrv=7, t_gap=10, rtx=0, txformat=0
SCI1: riv=11, mcs=11, priority=5, res_rsrv=2, t_gap=12, rtx=0, txformat=0
SCI1: riv=10, mcs=20, priority=6, res_rsrv=0, t_gap=8, rtx=0, txformat=1
SCI1: riv=14, mcs=15, priority=0, res_rsrv=6, t_gap=6, rtx=0, txformat=0
SCI1: riv=10, mcs=5, priority=7, res_rsrv=12, t_gap=3, rtx=0, txformat=0
SCI1: riv=13, mcs=20, priority=5, res_rsrv=2, t_gap=0, rtx=0, txformat=0
SCI1: riv=11, mcs=15, priority=4, res_rsrv=3, t_gap=13, rtx=0, txformat=1
SCI1: riv=2, mcs=7, priority=7, res_rsrv=15, t_gap=13, rtx=0, txformat=0
SCI1: riv=1, mcs=9, priority=4, res_rsrv=15, t_gap=8, rtx=1, txformat=1
SCI1: riv=8, mcs=11, priority=0, res_rsrv=15, t_gap=13, rtx=1, txformat=1
SCI1: riv=7, mcs=1, priority=7, res_rsrv=12, t_gap=1, rtx=1, txformat=1
SCI1: riv=0, mcs=2, priority=1, res_rsrv=13, t_gap=0, rtx=0, txformat=0
SCI1: riv=3, mcs=19, priority=3, res_rsrv=12, t_gap=0, rtx=0, txformat=0
SCI1: riv=15, mcs=11, priority=7, res_rsrv=5, t_gap=4, rtx=1, txformat=1
SCI1: riv=8, mcs=11, priority=5, res_rsrv=0, t_gap=15, rtx=0, txformat=1
SCI1: riv=11, mcs=23, priority=5, res_rsrv=12, t_gap=9, rtx=0, txformat=1
SCI1: riv=11, mcs=24, priority=0, res_rsrv=7, t_gap=13, rtx=1, txformat=1
SCI1: riv=0, mcs=2, priority=1, res_rsrv=10, t_gap=1, rtx=1, txformat=0
SCI1: riv=0, mcs=7, priority=1, res_rsrv=7, t_gap=2, rtx=0, txformat=0
SCI1: riv=13, mcs=1, priority=2, res_rsrv=5, t_gap=4, rtx=1, txformat=0
SCI1: riv=11, mcs=6, priority=1, res_rsrv=5, t_gap=11, rtx=1, txformat=0
SCI1: riv=7, mcs=25, priority=0, res_rsrv=1, t_gap=0, rtx=0, txformat=1
SCI1: riv=0, mcs=9, priority=7, res_rsrv=4, t_gap=6, rtx=1, txformat=1
SCI1: riv=12, mcs=11, priority=0, res_rsrv=6, t_gap=1, rtx=0, txformat=0
SCI1: riv=11, mcs=7, priority=4, res_rsrv=8, t_gap=0, rtx=0, txformat=1
SCI1: riv=6, mcs=10, priority=7, res_rsrv=6, t_gap=15, rtx=1, txformat=0
SCI1: riv=9, mcs=0, priority=7, res_rsrv=5, t_gap=3, rtx=0, txformat=0
SCI1: riv=12, mcs=15, priority=2, res_rsrv=4, t_gap=3, rtx=1, txformat=0
SCI1: riv=11, mcs=18, priority=5, res_rsrv=3, t_gap=7, rtx=0, txformat=1
SCI1: riv=4, mcs=3, priority=1, res_rsrv=0, t_gap=4, rtx=0, txformat=1
SCI1: riv=2, mcs=24, priority=0, res_rsrv=0, t_gap=8, rtx=0, txformat=1
SCI1: riv=15, mcs=3, priority=2, res_rsrv=9, t_gap=11, rtx=1, txformat=0
SCI1: riv=10, mcs=23, priority=5, res_rsrv=11, t_gap=14, rtx=0, txformat=0
SCI1: riv=8, mcs=26, priority=7, res_rsrv=3, t_gap=7, rtx=1, txformat=0
SCI1: riv=0, mcs=3, priority=0, res_rsrv=0, t_gap=7, rtx=0, txformat=0
SCI1: riv=10, mcs=20, priority=6, res_rsrv=0, t_gap=12, rtx=1, txformat=0
SCI1: riv=10, mcs=17, priority=4, res_rsrv=8, t_gap=1, rtx=0, txformat=0
SCI1: riv=7, mcs=7, priority=0, res_rsrv=14, t_gap=8, rtx=0, txformat=0
SCI1: riv=15, mcs=0, priority=6, res_rsrv=4, t_gap=4, rtx=0, txformat=0
SCI1: riv=10, mcs=6, priority=3, res_rsrv=1, t_gap=1, rtx=0, txformat=0
SCI1: riv=9, mcs=3, priority=1, res_rsrv=2, t_gap=0, rtx=1, txformat=0
SCI1: riv=12, mcs=8, priority=7, res_rsrv=5, t_gap=6, rtx=0, txformat=1
SCI1: riv=11, mcs=17, priority=7, res_rsrv=12, t_gap=11, rtx=0, txformat=1
SCI1: riv=0, mcs=1, priority=0, res_rsrv=2, t_gap=11, rtx=0, txformat=1
SCI1: riv=9, mcs=14, priority=4, res_rsrv=6, t_gap=12, rtx=0, txformat=1
SCI1: riv=0, mcs=20, priority=0, res_rsrv=3, t_gap=14, rtx=0, txformat=1
SCI1: riv=2, mcs=17, priority=5, res_rsrv=11, t_gap=8, rtx=1, txformat=1
SCI1: riv=9, mcs=15, priority=6, res_rsrv=6, t_gap=3, rtx=1, txformat=1
SCI1: riv=1, mcs=1, priority=7, res_rsrv=11, t_gap=11, rtx=0, txformat=0
SCI1: riv=0, mcs=5, priority=5, res_rsrv=2, t_gap=4, rtx=0, txformat=1
SCI1: riv=15, mcs=0, priority=5, res_rsrv=8, t_gap=10, rtx=1, txformat=0
SCI1: riv=9, mcs=21, priority=4, res_rsrv=6, t_gap=2, rtx=1, txformat=1
SCI1: riv=10, mcs=20, priority=0, res_rsrv=8, t_gap=8, rtx=1, txformat=0
SCI1: riv=15, mcs=8, priority=3, res_rsrv=1, t_gap=7, rtx=0, txformat=1
SCI1: riv=3, mcs=25, priority=4, res_rsrv=9, t_gap=14, rtx=0, txformat=0
SCI1: riv=2, mcs=27, priority=0, res_rsrv=15, t_gap=11, rtx=1, txformat=0
SCI1: riv=2, mcs=27, priority=0, res_rsrv=15, t_gap=11, rtx=1, txformat=0
SCI1: riv=2, mcs=27, priority=0, res_rsrv=15, t_gap=11, rtx=1, txformat=0
SCI1: riv=10, mcs=24, priority=3, res_rsrv=0, t_gap=3, rtx=1, txformat=1
SCI1: riv=14, mcs=14, priority=0, res_rsrv=14, t_gap=5, rtx=1, txformat=0
SCI1: riv=6, mcs=5, priority=4, res_rsrv=4, t_gap=4, rtx=1, txformat=0
SCI1: riv=4, mcs=16, priority=5, res_rsrv=2, t_gap=6, rtx=0, txformat=1
SCI1: riv=14, mcs=0, priority=2, res_rsrv=5, t_gap=9, rtx=1, txformat=1
SCI1: riv=10, mcs=16, priority=4, res_rsrv=13, t_gap=2, rtx=0, txformat=1
SCI1: riv=3, mcs=7, priority=4, res_rsrv=6, t_gap=10, rtx=1, txformat=1
SCI1: riv=14, mcs=0, priority=0, res_rsrv=8, t_gap=10, rtx=1, txformat=0
SCI1: riv=15, mcs=3, priority=6, res_rsrv=8, t_gap=14, rtx=1, txformat=0
SCI1: riv=9, mcs=13, priority=1, res_rsrv=1, t_gap=14, rtx=1, txformat=0
SCI1: riv=12, mcs=9, priority=5, res_rsrv=10, t_gap=11, rtx=0, txformat=0
SCI1: riv=10, mcs=7, priority=5, res_rsrv=8, t_gap=1, rtx=1, txformat=1
SCI1: riv=4, mcs=1, priority=4, res_rsrv=3, t_gap=5, rtx=1, txformat=0
SCI1: riv=1, mcs=21, priority=6, res_rsrv=8, t_gap=4, rtx=1, txformat=0
SCI1: riv=3, mcs=1, priority=4, res_rsrv=1, t_gap=5, rtx=1, txformat=0
SCI1: riv=8, mcs=20, priority=2, res_rsrv=4, t_gap=10, rtx=0, txformat=1
SCI1: riv=3, mcs=1, priority=4, res_rsrv=1, t_gap=5, rtx=1, txformat=0
SCI1: riv=3, mcs=1, priority=4, res_rsrv=1, t_gap=5, rtx=1, txformat=0
SCI1: riv=3, mcs=1, priority=4, res_rsrv=1, t_gap=5, rtx=1, txformat=0
SCI1: riv=3, mcs=1, priority=4, res_rsrv=1, t_gap=5, rtx=1, txformat=0
SCI1: riv=3, mcs=1, priority=4, res_rsrv=1, t_gap=5, rtx=1, txformat=0
SCI1: riv=13, mcs=13, priority=2, res_rsrv=5, t_gap=1, rtx=1, txformat=1
SCI1: riv=6, mcs=15, priority=1, res_rsrv=4, t_gap=11, rtx=0, txformat=0
SCI1: riv=14, mcs=20, priority=0, res_rsrv=0, t_gap=6, rtx=1, txformat=0
SCI1: riv=2, mcs=12, priority=3, res_rsrv=1, t_gap=7, rtx=0, txformat=1
SCI1: riv=4, mcs=18, priority=4, res_rsrv=12, t_gap=3, rtx=0, txformat=0
SCI1: riv=5, mcs=9, priority=3, res_rsrv=9, t_gap=2, rtx=1, txformat=0
SCI1: riv=9, mcs=2, priority=3, res_rsrv=10, t_gap=9, rtx=1, txformat=1
SCI1: riv=13, mcs=1, priority=4, res_rsrv=3, t_gap=11, rtx=1, txformat=0
SCI1: riv=13, mcs=5, priority=7, res_rsrv=3, t_gap=7, rtx=1, txformat=1
SCI1: riv=5, mcs=26, priority=7, res_rsrv=8, t_gap=12, rtx=1, txformat=1
SCI1: riv=7, mcs=10, priority=6, res_rsrv=0, t_gap=1, rtx=0, txformat=1
SCI1: riv=4, mcs=1, priority=6, res_rsrv=2, t_gap=13, rtx=1, txformat=1
SCI1: riv=9, mcs=22, priority=7, res_rsrv=7, t_gap=11, rtx=1, txformat=0
SCI1: riv=9, mcs=22, priority=7, res_rsrv=7, t_gap=11, rtx=1, txformat=0
SCI1: riv=9, mcs=22, priority=7, res_rsrv=7, t_gap=11, rtx=1, txformat=0
SCI1: riv=9, mcs=22, priority=7, res_rsrv=7, t_gap=11, rtx=1, txformat=0
SCI1: riv=14, mcs=13, priority=1, res_rsrv=12, t_gap=2, rtx=0, txformat=0
SCI1: riv=9, mcs=22, priority=7, res_rsrv=7, t_gap=11, rtx=1, txformat=0
SCI1: riv=15, mcs=15, priority=6, res_rsrv=14, t_gap=13, rtx=1, txformat=0
SCI1: riv=8, mcs=27, priority=2, res_rsrv=3, t_gap=10, rtx=0, txformat=0
SCI1: riv=4, mcs=16, priority=5, res_rsrv=14, t_gap=12, rtx=1, txformat=0
SCI1: riv=12, mcs=13, priority=2, res_rsrv=3, t_gap=1, rtx=1, txformat=0
SCI1: riv=10, mcs=20, priority=6, res_rsrv=14, t_gap=3, rtx=0, txformat=1
SCI1: riv=0, mcs=23, priority=6, res_rsrv=2, t_gap=15, rtx=1, txformat=1
SCI1: riv=3, mcs=27, priority=5, res_rsrv=15, t_gap=13, rtx=1, txformat=1
SCI1: riv=11, mcs=7, priority=4, res_rsrv=10, t_gap=4, rtx=0, txformat=1
SCI1: riv=11, mcs=0, priority=0, res_rsrv=15, t_gap=10, rtx=0, txformat=0
SCI1: riv=3, mcs=28, priority=5, res_rsrv=7, t_gap=11, rtx=1, txformat=0
SCI1: riv=4, mcs=19, priority=3, res_rsrv=5, t_gap=14, rtx=0, txformat=0
SCI1: riv=2, mcs=19, priority=0, res_rsrv=2, t_gap=15, rtx=1, txformat=1
SCI1: riv=15, mcs=21, priority=5, res_rsrv=8, t_gap=4, rtx=1, txformat=1
SCI1: riv=4, mcs=20, priority=6, res_rsrv=1, t_gap=0, rtx=1, txformat=0
SCI1: riv=7, mcs=13, priority=4, res_rsrv=13, t_gap=5, rtx=1, txformat=1
SCI1: riv=4, mcs=12, priority=3, res_rsrv=8, t_gap=5, rtx=0, txformat=1
SCI1: riv=4, mcs=0, priority=6, res_rsrv=6, t_gap=5, rtx=1, txformat=0
SCI1: riv=8, mcs=12, priority=6, res_rsrv=7, t_gap=11, rtx=0, txformat=0
SCI1: riv=11, mcs=17, priority=5, res_rsrv=8, t_gap=11, rtx=0, txformat=0
SCI1: riv=12, mcs=25, priority=7, res_rsrv=11, t_gap=8, rtx=1, txformat=0
SCI1: riv=10, mcs=13, priority=6, res_rsrv=14, t_gap=0, rtx=1, txformat=0
SCI1: riv=4, mcs=25, priority=1, res_rsrv=6, t_gap=8, rtx=0, txformat=1
SCI1: riv=11, mcs=14, priority=3, res_rsrv=7, t_gap=14, rtx=0, txformat=0
SCI1: riv=10, mcs=13, priority=1, res_rsrv=9, t_gap=7, rtx=1, txformat=0
SCI1: riv=4, mcs=18, priority=4, res_rsrv=3, t_gap=12, rtx=1, txformat=0
SCI1: riv=8, mcs=17, priority=1, res_rsrv=2, t_gap=4, rtx=1, txformat=0
SCI1: riv=8, mcs=21, priority=7, res_rsrv=7, t_gap=11, rtx=1, txformat=1
SCI1: riv=15, mcs=19, priority=1, res_rsrv=15, t_gap=8, rtx=0, txformat=0
SCI1: riv=4, mcs=19, priority=0, res_rsrv=5, t_gap=10, rtx=1, txformat=0
SCI1: riv=13, mcs=11, priority=4, res_rsrv=1, t_gap=3, rtx=1, txformat=1
SCI1: riv=3, mcs=2, priority=5, res_rsrv=4, t_gap=10, rtx=0, txformat=0
SCI1: riv=2, mcs=16, priority=7, res_rsrv=0, t_gap=1, rtx=1, txformat=0
SCI1: riv=14, mcs=1, priority=3, res_rsrv=3, t_gap=2, rtx=0, txformat=1
SCI1: riv=13, mcs=3, priority=2, res_rsrv=10, t_gap=1, rtx=0, txformat=1
SCI1: riv=10, mcs=27, priority=0, res_rsrv=10, t_gap=2, rtx=1, txformat=0
SCI1: riv=15, mcs=9, priority=0, res_rsrv=10, t_gap=0, rtx=1, txformat=1
SCI1: riv=13, mcs=13, priority=5, res_rsrv=7, t_gap=1, rtx=1, txformat=0
SCI1: riv=7, mcs=14, priority=0, res_rsrv=13, t_gap=7, rtx=0, txformat=1
SCI1: riv=1, mcs=28, priority=0, res_rsrv=7, t_gap=5, rtx=0, txformat=1
SCI1: riv=11, mcs=11, priority=4, res_rsrv=15, t_gap=1, rtx=0, txformat=0
SCI1: riv=5, mcs=13, priority=1, res_rsrv=9, t_gap=13, rtx=0, txformat=1
SCI1: riv=5, mcs=14, priority=5, res_rsrv=9, t_gap=11, rtx=0, txformat=0
SCI1: riv=8, mcs=6, priority=4, res_rsrv=13, t_gap=0, rtx=1, txformat=0
SCI1: riv=10, mcs=7, priority=5, res_rsrv=14, t_gap=9, rtx=1, txformat=1
SCI1: riv=11, mcs=24, priority=0, res_rsrv=13, t_gap=8, rtx=1, txformat=0
SCI1: riv=3, mcs=14, priority=6, res_rsrv=10, t_gap=13, rtx=1, txformat=0
SCI1: riv=15, mcs=11, priority=7, res_rsrv=7, t_gap=5, rtx=1, txformat=1
SCI1: riv=12, mcs=5, priority=6, res_rsrv=11, t_gap=14, rtx=0, txformat=1
SCI1: riv=8, mcs=15, priority=5, res_rsrv=4, t_gap=13, rtx=1, txformat=1
SCI1: riv=13, mcs=24, priority=3, res_rsrv=9, t_gap=4, rtx=1, txformat=0
SCI1: riv=14, mcs=0, priority=2, res_rsrv=3, t_gap=14, rtx=1, txformat=0
SCI1: riv=14, mcs=17, priority=2, res_rsrv=4, t_gap=15, rtx=1, txformat=1
SCI1: riv=6, mcs=7, priority=5, res_rsrv=1, t_gap=15, rtx=0, txformat=0
SCI1: riv=10, mcs=3, priority=2, res_rsrv=8, t_gap=6, rtx=1, txformat=0
SCI1: riv=15, mcs=6, priority=4, res_rsrv=11, t_gap=13, rtx=1, txformat=0
SCI1: riv=3, mcs=19, priority=4, res_rsrv=7, t_gap=14, rtx=1, txformat=0
SCI1: riv=6, mcs=24, priority=3, res_rsrv=0, t_gap=12, rtx=1, txformat=0
SCI1: riv=2, mcs=0, priority=0, res_rsrv=11, t_gap=8, rtx=1, txformat=0
SCI1: riv=0, mcs=4, priority=1, res_rsrv=6, t_gap=2, rtx=0, txformat=0
SCI1: riv=5, mcs=24, priority=5, res_rsrv=7, t_gap=1, rtx=0, txformat=1
SCI1: riv=0, mcs=23, priority=4, res_rsrv=15, t_gap=11, rtx=0, txformat=1
SCI1: riv=0, mcs=9, priority=0, res_rsrv=2, t_gap=12, rtx=1, txformat=1
SCI1: riv=6, mcs=6, priority=0, res_rsrv=12, t_gap=1, rtx=1, txformat=1
SCI1: riv=15, mcs=12, priority=6, res_rsrv=3, t_gap=3, rtx=0, txformat=1
SCI1: riv=10, mcs=19, priority=1, res_rsrv=15, t_gap=1, rtx=0, txformat=1
SCI1: riv=8, mcs=10, priority=3, res_rsrv=11, t_gap=11, rtx=0, txformat=0
SCI1: riv=7, mcs=18, priority=0, res_rsrv=1, t_gap=8, rtx=1, txformat=0
SCI1: riv=10, mcs=22, priority=7, res_rsrv=11, t_gap=9, rtx=0, txformat=0
SCI1: riv=3, mcs=7, priority=2, res_rsrv=1, t_gap=1, rtx=0, txformat=1
SCI1: riv=9, mcs=19, priority=4, res_rsrv=1, t_gap=12, rtx=0, txformat=1
SCI1: riv=0, mcs=9, priority=3, res_rsrv=8, t_gap=1, rtx=1, txformat=1
SCI1: riv=8, mcs=4, priority=2, res_rsrv=11, t_gap=0, rtx=1, txformat=1
SCI1: riv=7, mcs=4, priority=1, res_rsrv=13, t_gap=7, rtx=0, txformat=0
SCI1: riv=11, mcs=21, priority=3, res_rsrv=6, t_gap=9, rtx=0, txformat=0
SCI1: riv=12, mcs=23, priority=7, res_rsrv=3, t_gap=5, rtx=0, txformat=0
SCI1: riv=9, mcs=10, priority=2, res_rsrv=7, t_gap=11, rtx=0, txformat=1
SCI1: riv=4, mcs=24, priority=5, res_rsrv=7, t_gap=15, rtx=1, txformat=1
SCI1: riv=7, mcs=21, priority=1, res_rsrv=4, t_gap=15, rtx=1, txformat=0
SCI1: riv=8, mcs=2, priority=5, res_rsrv=8, t_gap=9, rtx=0, txformat=0
SCI1: riv=5, mcs=8, priority=2, res_rsrv=11, t_gap=14, rtx=1, txformat=1
SCI1: riv=9, mcs=24, priority=6, res_rsrv=6, t_gap=4, rtx=0, txformat=0
SCI1: riv=7, mcs=0, priority=0, res_rsrv=5, t_gap=13, rtx=0, txformat=1
SCI1: riv=7, mcs=0, priority=0, res_rsrv=5, t_gap=13, rtx=0, txformat=1
SCI1: riv=7, mcs=0, priority=0, res_rsrv=5, t_gap=13, rtx=0, txformat=1
SCI1: riv=7, mcs=0, priority=0, res_rsrv=5, t_gap=13, rtx=0, txformat=1
SCI1: riv=3, mcs=7, priority=2, res_rsrv=7, t_gap=0, rtx=0, txformat=1
SCI1: riv=0, mcs=23, priority=2, res_rsrv=12, t_gap=1, rtx=1, txformat=0
SCI1: riv=3, mcs=1, priority=0, res_rsrv=6, t_gap=0, rtx=1, txformat=0
SCI1: riv=12, mcs=16, priority=6, res_rsrv=5, t_gap=10, rtx=0, txformat=0
SCI1: riv=11, mcs=16, priority=4, res_rsrv=2, t_gap=3, rtx=1, txformat=0
SCI1: riv=2, mcs=24, priority=4, res_rsrv=4, t_gap=9, rtx=1, txformat=1
SCI1: riv=12, mcs=13, priority=3, res_rsrv=12, t_gap=8, rtx=0, txformat=1
SCI1: riv=6, mcs=5, priority=5, res_rsrv=1, t_gap=14, rtx=0, txformat=1
SCI1: riv=14, mcs=24, priority=2, res_rsrv=2, t_gap=5, rtx=0, txformat=1
SCI1: riv=1, mcs=24, priority=2, res_rsrv=5, t_gap=4, rtx=0, txformat=1
SCI1: riv=11, mcs=7, priority=3, res_rsrv=3, t_gap=6, rtx=1, txformat=0
SCI1: riv=14, mcs=21, priority=1, res_rsrv=15, t_gap=5, rtx=1, txformat=1
SCI1: riv=5, mcs=17, priority=2, res_rsrv=9, t_gap=8, rtx=1, txformat=1
SCI1: riv=9, mcs=2, priority=6, res_rsrv=0, t_gap=4, rtx=1, txformat=1
SCI1: riv=4, mcs=23, priority=1, res_rsrv=11, t_gap=12, rtx=0, txformat=0
SCI1: riv=3, mcs=9, priority=7, res_rsrv=13, t_gap=1, rtx=0, txformat=0
SCI1: riv=2, mcs=7, priority=3, res_rsrv=5, t_gap=3, rtx=0, txformat=1
SCI1: riv=9, mcs=11, priority=3, res_rsrv=9, t_gap=6, rtx=0, txformat=0
SCI1: riv=4, mcs=1, priority=1, res_rsrv=1, t_gap=14, rtx=1, txformat=1
SCI1: riv=11, mcs=1, priority=3, res_rsrv=12, t_gap=2, rtx=0, txformat=1
SCI1: riv=13, mcs=5, priority=0, res_rsrv=3, t_gap=0, rtx=0, txformat=0
SCI1: riv=8, mcs=9, priority=2, res_rsrv=15, t_gap=12, rtx=1, txformat=1
SCI1: riv=10, mcs=12, priority=4, res_rsrv=11, t_gap=14, rtx=0, txformat=1
SCI1: riv=8, mcs=15, priority=2, res_rsrv=10, t_gap=2, rtx=0, txformat=0
SCI1: riv=6, mcs=15, priority=7, res_rsrv=0, t_gap=9, rtx=1, txformat=1
SCI1: riv=7, mcs=10, priority=6, res_rsrv=10, t_gap=2, rtx=1, txformat=1
SCI1: riv=15, mcs=9, priority=2, res_rsrv=11, t_gap=4, rtx=0, txformat=1
SCI1: riv=12, mcs=5, priority=0, res_rsrv=1, t_gap=1, rtx=0, txformat=0
SCI1: riv=12, mcs=26, priority=3, res_rsrv=11, t_gap=0, rtx=0, txformat=0
SCI1: riv=5, mcs=20, priority=3, res_rsrv=2, t_gap=2, rtx=0, txformat=1
SCI1: riv=4, mcs=23, priority=6, res_rsrv=0, t_gap=1, rtx=0, txformat=1
SCI1: riv=12, mcs=26, priority=6, res_rsrv=13, t_gap=3, rtx=1, txformat=1
SCI1: riv=15, mcs=17, priority=5, res_rsrv=13, t_gap=15, rtx=0, txformat=0
SCI1: riv=6, mcs=18, priority=7, res_rsrv=5, t_gap=10, rtx=0, txformat=1
SCI1: riv=1, mcs=15, priority=5, res_rsrv=11, t_gap=3, rtx=1, txformat=0
SCI1: riv=2, mcs=7, priority=5, res_rsrv=3, t_gap=10, rtx=1, txformat=1
SCI1: riv=8, mcs=2, priority=3, res_rsrv=10, t_gap=0, rtx=0, txformat=0
SCI1: riv=5, mcs=12, priority=5, res_rsrv=5, t_gap=2, rtx=1, txformat=1
SCI1: riv=15, mcs=22, priority=3, res_rsrv=0, t_gap=14, rtx=0, txformat=0
SCI1: riv=8, mcs=21, priority=7, res_rsrv=3, t_gap=8, rtx=1, txformat=1
SCI1: riv=11, mcs=8, priority=4, res_rsrv=11, t_gap=3, rtx=1, txformat=1
SCI1: riv=8, mcs=9, priority=3, res_rsrv=15, t_gap=13, rtx=0, txformat=1
SCI1: riv=4, mcs=8, priority=4, res_rsrv=1, t_gap=8, rtx=0, txformat=1
SCI1: riv=12, mcs=28, priority=3, res_rsrv=5, t_gap=8, rtx=0, txformat=1
SCI1: riv=11, mcs=5, priority=3, res_rsrv=4, t_gap=6, rtx=0, txformat=1
SCI1: riv=13, mcs=19, priority=6, res_rsrv=9, t_gap=14, rtx=0, txformat=1
SCI1: riv=13, mcs=7, priority=1, res_rsrv=9, t_gap=15, rtx=0, txformat=0
SCI1: riv=10, mcs=1, priority=7, res_rsrv=8, t_gap=4, rtx=0, txformat=0
SCI1: riv=1, mcs=4, priority=0, res_rsrv=1, t_gap=0, rtx=1, txformat=1
SCI1: riv=12, mcs=9, priority=3, res_rsrv=1, t_gap=10, rtx=1, txformat=0
SCI1: riv=3, mcs=12, priority=0, res_rsrv=0, t_gap=8, rtx=1, txformat=0
SCI1: riv=2, mcs=27, priority=6, res_rsrv=8, t_gap=14, rtx=0, txformat=0
SCI1: riv=3, mcs=21, priority=6, res_rsrv=14, t_gap=1, rtx=0, txformat=0
SCI1: riv=6, mcs=17, priority=0, res_rsrv=12, t_gap=15, rtx=1, txformat=0
SCI1: riv=8, mcs=24, priority=3, res_rsrv=8, t_gap=10, rtx=0, txformat=1
SCI1: riv=3, mcs=20, priority=3, res_rsrv=5, t_gap=14, rtx=0, txformat=1
SCI1: riv=12, mcs=18, priority=5, res_rsrv=8, t_gap=12, rtx=0, txformat=1
SCI1: riv=5, mcs=13, priority=6, res_rsrv=12, t_gap=10, rtx=1, txformat=1
SCI1: riv=7, mcs=28, priority=5, res_rsrv=8, t_gap=7, rtx=0, txformat=0
SCI1: riv=14, mcs=23, priority=5, res_rsrv=13, t_gap=2, rtx=1, txformat=0
SCI1: riv=2, mcs=28, priority=0, res_rsrv=13, t_gap=15, rtx=0, txformat=1
SCI1: riv=9, mcs=9, priority=7, res_rsrv=3, t_gap=10, rtx=1, txformat=0
SCI1: riv=0, mcs=18, priority=0, res_rsrv=4, t_gap=6, rtx=1, txformat=1
SCI1: riv=14, mcs=26, priority=5, res_rsrv=1, t_gap=14, rtx=1, txformat=0
SCI1: riv=10, mcs=4, priority=1, res_rsrv=14, t_gap=14, rtx=1, txformat=1
SCI1: riv=2, mcs=0, priority=2, res_rsrv=2, t_gap=7, rtx=1, txformat=0
SCI1: riv=3, mcs=26, priority=1, res_rsrv=14, t_gap=12, rtx=1, txformat=0
SCI1: riv=13, mcs=3, priority=6, res_rsrv=9, t_gap=3, rtx=1, txformat=0
SCI1: riv=12, mcs=25, priority=4, res_rsrv=4, t_gap=0, rtx=1, txformat=1
SCI1: riv=10, mcs=14, priority=7, res_rsrv=10, t_gap=4, rtx=0, txformat=0
SCI1: riv=10, mcs=27, priority=3, res_rsrv=10, t_gap=1, rtx=1, txformat=1
SCI1: riv=8, mcs=16, priority=3, res_rsrv=6, t_gap=14, rtx=0, txformat=1
SCI1: riv=1, mcs=24, priority=4, res_rsrv=15, t_gap=2, rtx=1, txformat=1
SCI1: riv=7, mcs=11, priority=1, res_rsrv=13, t_gap=15, rtx=1, txformat=1
SCI1: riv=14, mcs=28, priority=7, res_rsrv=9, t_gap=12, rtx=0, txformat=0
SCI1: riv=10, mcs=18, priority=6, res_rsrv=1, t_gap=3, rtx=0, txformat=1
SCI1: riv=3, mcs=21, priority=6, res_rsrv=9, t_gap=14, rtx=1, txformat=1
SCI1: riv=8, mcs=28, priority=1, res_rsrv=5, t_gap=12, rtx=0, txformat=0
SCI1: riv=0, mcs=10, priority=2, res_rsrv=11, t_gap=14, rtx=1, txformat=0
SCI1: riv=12, mcs=22, priority=2, res_rsrv=9, t_gap=3, rtx=1, txformat=1
SCI1: riv=0, mcs=18, priority=6, res_rsrv=2, t_gap=3, rtx=1, txformat=0
SCI1: riv=0, mcs=21, priority=5, res_rsrv=13, t_gap=9, rtx=1, txformat=0
SCI1: riv=1, mcs=13, priority=4, res_rsrv=6, t_gap=1, rtx=1, txformat=0
SCI1: riv=15, mcs=21, priority=0, res_rsrv=2, t_gap=2, rtx=0, txformat=1
SCI1: riv=14, mcs=3, priority=4, res_rsrv=13, t_gap=14, rtx=1, txformat=1
SCI1: riv=8, mcs=18, priority=6, res_rsrv=1, t_gap=8, rtx=0, txformat=0
SCI1: riv=10, mcs=13, priority=1, res_rsrv=7, t_gap=2, rtx=1, txformat=1
SCI1: riv=7, mcs=22, priority=6, res_rsrv=8, t_gap=12, rtx=0, txformat=0
SCI1: riv=15, mcs=18, priority=4, res_rsrv=9, t_gap=10, rtx=0, txformat=0
SCI1: riv=4, mcs=19, priority=0, res_rsrv=5, t_gap=15, rtx=0, txformat=1
SCI1: riv=13, mcs=25, priority=5, res_rsrv=14, t_gap=13, rtx=1, txformat=0
SCI1: riv=8, mcs=3, priority=5, res_rsrv=9, t_gap=8, rtx=1, txformat=0
^CSIGINT received. Exiting...
num_decoded_sci=21742 num_decoded_tb=37

